<?xml version="1.0" encoding="UTF-8"?>
<testsuite xmlns:xsi="http://www.w3.org/2001/XMLSchema-instance" xsi:noNamespaceSchemaLocation="https://maven.apache.org/surefire/maven-surefire-plugin/xsd/surefire-test-report-3.0.xsd" version="3.0" name="NameCheap.nameCheap.NameCheapApplicationTests" time="16.887" tests="1" errors="0" skipped="0" failures="0">
  <properties>
[...]
</properties>
  <testcase name="contextLoads" classname="NameCheap.nameCheap.NameCheapApplicationTests" time="0.453">
    <system-out><![CDATA[15:04:13.513 [main] INFO org.springframework.test.context.support.AnnotationConfigContextLoaderUtils -- Could not detect default configuration classes for test class [NameCheap.nameCheap.NameCheapApplicationTests]: NameCheapApplicationTests does not declare any static, non-private, non-final, nested classes annotated with @Configuration.
15:04:13.643 [main] INFO org.springframework.boot.test.context.SpringBootTestContextBootstrapper -- Found @SpringBootConfiguration NameCheap.nameCheap.NameCheapApplication for test class NameCheap.nameCheap.NameCheapApplicationTests
  .   ____          _            __ _ _
 /\\ / ___'_ __ _ _(_)_ __  __ _ \ \ \ \
( ( )\___ | '_ | '_| | '_ \/ _` | \ \ \ \
 \\/  ___)| |_)| | | | | || (_| |  ) ) ) )
  '  |____| .__|_| |_|_| |_\__, | / / / /
 =========|_|==============|___/=/_/_/_/

 :: Spring Boot ::                (v3.3.0)

2024-07-23T15:04:14.146-05:00  INFO 52024 --- [app_aurora] [           main] N.nameCheap.NameCheapApplicationTests    : Starting NameCheapApplicationTests using Java 20.0.1 with PID 52024 (started by Admin in C:\Users\Admin\Documents\NetBeansProjects\aurora)
2024-07-23T15:04:14.148-05:00  INFO 52024 --- [app_aurora] [           main] N.nameCheap.NameCheapApplicationTests    : No active profile set, falling back to 1 default profile: "default"
2024-07-23T15:04:14.148-05:00 DEBUG 52024 --- [app_aurora] [           main] o.s.boot.SpringApplication               : Loading source class NameCheap.nameCheap.NameCheapApplication
2024-07-23T15:04:14.183-05:00 DEBUG 52024 --- [app_aurora] [           main] o.s.w.c.s.GenericWebApplicationContext   : Refreshing org.springframework.web.context.support.GenericWebApplicationContext@6a175569
2024-07-23T15:04:14.555-05:00 DEBUG 52024 --- [app_aurora] [           main] ySourcesPropertyResolver$DefaultResolver : Found key 'DB_ADD' in PropertySource 'systemProperties' with value of type String
2024-07-23T15:04:14.864-05:00  INFO 52024 --- [app_aurora] [           main] .s.d.r.c.RepositoryConfigurationDelegate : Multiple Spring Data modules found, entering strict repository configuration mode
2024-07-23T15:04:14.864-05:00  INFO 52024 --- [app_aurora] [           main] .s.d.r.c.RepositoryConfigurationDelegate : Bootstrapping Spring Data JDBC repositories in DEFAULT mode.
2024-07-23T15:04:14.884-05:00 DEBUG 52024 --- [app_aurora] [           main] o.s.b.a.AutoConfigurationPackages        : @EnableAutoConfiguration was declared on a class in the package 'NameCheap.nameCheap'. Automatic @Repository and @Entity scanning is enabled.
2024-07-23T15:04:14.894-05:00  INFO 52024 --- [app_aurora] [           main] .RepositoryConfigurationExtensionSupport : Spring Data JDBC - Could not safely identify store assignment for repository candidate interface NameCheap.nameCheap.repositorios.ImagenRepositorio; If you want this repository to be a JDBC repository, consider annotating your entities with one of these annotations: org.springframework.data.relational.core.mapping.Table.
2024-07-23T15:04:14.894-05:00  INFO 52024 --- [app_aurora] [           main] .RepositoryConfigurationExtensionSupport : Spring Data JDBC - Could not safely identify store assignment for repository candidate interface NameCheap.nameCheap.repositorios.InformacionRepositorio; If you want this repository to be a JDBC repository, consider annotating your entities with one of these annotations: org.springframework.data.relational.core.mapping.Table.
2024-07-23T15:04:14.904-05:00  INFO 52024 --- [app_aurora] [           main] .RepositoryConfigurationExtensionSupport : Spring Data JDBC - Could not safely identify store assignment for repository candidate interface NameCheap.nameCheap.repositorios.PasswordResetTokenRepositorio; If you want this repository to be a JDBC repository, consider annotating your entities with one of these annotations: org.springframework.data.relational.core.mapping.Table.
2024-07-23T15:04:14.905-05:00  INFO 52024 --- [app_aurora] [           main] .RepositoryConfigurationExtensionSupport : Spring Data JDBC - Could not safely identify store assignment for repository candidate interface NameCheap.nameCheap.repositorios.RolRepositorio; If you want this repository to be a JDBC repository, consider annotating your entities with one of these annotations: org.springframework.data.relational.core.mapping.Table.
2024-07-23T15:04:14.906-05:00  INFO 52024 --- [app_aurora] [           main] .RepositoryConfigurationExtensionSupport : Spring Data JDBC - Could not safely identify store assignment for repository candidate interface NameCheap.nameCheap.repositorios.UsuarioRepositorio; If you want this repository to be a JDBC repository, consider annotating your entities with one of these annotations: org.springframework.data.relational.core.mapping.Table.
2024-07-23T15:04:14.906-05:00  INFO 52024 --- [app_aurora] [           main] .s.d.r.c.RepositoryConfigurationDelegate : Finished Spring Data repository scanning in 33 ms. Found 0 JDBC repository interfaces.
2024-07-23T15:04:14.914-05:00  INFO 52024 --- [app_aurora] [           main] .s.d.r.c.RepositoryConfigurationDelegate : Multiple Spring Data modules found, entering strict repository configuration mode
2024-07-23T15:04:14.914-05:00  INFO 52024 --- [app_aurora] [           main] .s.d.r.c.RepositoryConfigurationDelegate : Bootstrapping Spring Data JPA repositories in DEFAULT mode.
2024-07-23T15:04:15.034-05:00  INFO 52024 --- [app_aurora] [           main] .s.d.r.c.RepositoryConfigurationDelegate : Finished Spring Data repository scanning in 114 ms. Found 5 JPA repository interfaces.
2024-07-23T15:04:15.188-05:00  INFO 52024 --- [app_aurora] [           main] faultConfiguringBeanFactoryPostProcessor : No bean named 'errorChannel' has been explicitly defined. Therefore, a default PublishSubscribeChannel will be created.
2024-07-23T15:04:15.198-05:00  INFO 52024 --- [app_aurora] [           main] faultConfiguringBeanFactoryPostProcessor : No bean named 'integrationHeaderChannelRegistry' has been explicitly defined. Therefore, a default DefaultHeaderChannelRegistry will be created.
2024-07-23T15:04:15.514-05:00 DEBUG 52024 --- [app_aurora] [           main] ySourcesPropertyResolver$DefaultResolver : Found key 'DB_PASSWORD' in PropertySource 'systemProperties' with value of type String
2024-07-23T15:04:15.514-05:00 DEBUG 52024 --- [app_aurora] [           main] ySourcesPropertyResolver$DefaultResolver : Found key 'DB_ADD' in PropertySource 'systemProperties' with value of type String
2024-07-23T15:04:15.515-05:00 DEBUG 52024 --- [app_aurora] [           main] ySourcesPropertyResolver$DefaultResolver : Found key 'DB_USERNAME' in PropertySource 'systemProperties' with value of type String
2024-07-23T15:04:15.578-05:00  INFO 52024 --- [app_aurora] [           main] com.zaxxer.hikari.HikariDataSource       : aurora - Starting...
2024-07-23T15:04:17.967-05:00  INFO 52024 --- [app_aurora] [           main] com.zaxxer.hikari.pool.HikariPool        : aurora - Added connection com.mysql.cj.jdbc.ConnectionImpl@43588265
2024-07-23T15:04:17.969-05:00  INFO 52024 --- [app_aurora] [           main] com.zaxxer.hikari.HikariDataSource       : aurora - Start completed.
2024-07-23T15:04:18.061-05:00 DEBUG 52024 --- [app_aurora] [           main] o.hibernate.jpa.internal.util.LogHelper  : PersistenceUnitInfo [
	name: default
	persistence provider classname: null
	classloader: jdk.internal.loader.ClassLoaders$AppClassLoader@70dea4e
	excludeUnlistedClasses: true
	JTA datasource: null
	Non JTA datasource: HikariDataSource (aurora)
	Transaction type: RESOURCE_LOCAL
	PU root URL: file:/C:/Users/Admin/Documents/NetBeansProjects/aurora/target/test-classes/
	Shared Cache Mode: UNSPECIFIED
	Validation Mode: AUTO
	Jar files URLs []
	Managed classes names [
		NameCheap.nameCheap.entidades.Imagen
		NameCheap.nameCheap.entidades.Informacion
		NameCheap.nameCheap.entidades.PasswordResetToken
		NameCheap.nameCheap.entidades.Rol
		NameCheap.nameCheap.entidades.Usuario]
	Mapping files names []
	Properties []
2024-07-23T15:04:18.074-05:00 DEBUG 52024 --- [app_aurora] [           main] o.h.i.internal.IntegratorServiceImpl     : Adding Integrator [org.hibernate.boot.beanvalidation.BeanValidationIntegrator].
2024-07-23T15:04:18.076-05:00 DEBUG 52024 --- [app_aurora] [           main] o.h.i.internal.IntegratorServiceImpl     : Adding Integrator [org.hibernate.cache.internal.CollectionCacheInvalidator].
2024-07-23T15:04:18.121-05:00  INFO 52024 --- [app_aurora] [           main] org.hibernate.Version                    : HHH000412: Hibernate ORM core version 6.5.2.Final
2024-07-23T15:04:18.122-05:00 DEBUG 52024 --- [app_aurora] [           main] org.hibernate.cfg.Environment            : HHH000206: 'hibernate.properties' not found
2024-07-23T15:04:18.147-05:00 DEBUG 52024 --- [app_aurora] [           main] org.hibernate.orm.idgen.factory          : Registering IdentifierGenerator strategy [uuid2] -> [org.hibernate.id.UUIDGenerator]
2024-07-23T15:04:18.148-05:00 DEBUG 52024 --- [app_aurora] [           main] org.hibernate.orm.idgen.factory          : Registering IdentifierGenerator strategy [guid] -> [org.hibernate.id.GUIDGenerator]
2024-07-23T15:04:18.148-05:00 DEBUG 52024 --- [app_aurora] [           main] org.hibernate.orm.idgen.factory          : Registering IdentifierGenerator strategy [uuid] -> [org.hibernate.id.UUIDHexGenerator]
2024-07-23T15:04:18.149-05:00 DEBUG 52024 --- [app_aurora] [           main] org.hibernate.orm.idgen.factory          : Registering IdentifierGenerator strategy [uuid.hex] -> [org.hibernate.id.UUIDHexGenerator]
2024-07-23T15:04:18.149-05:00 DEBUG 52024 --- [app_aurora] [           main] org.hibernate.orm.idgen.factory          : Registering IdentifierGenerator strategy [assigned] -> [org.hibernate.id.Assigned]
2024-07-23T15:04:18.150-05:00 DEBUG 52024 --- [app_aurora] [           main] org.hibernate.orm.idgen.factory          : Registering IdentifierGenerator strategy [identity] -> [org.hibernate.id.IdentityGenerator]
2024-07-23T15:04:18.150-05:00 DEBUG 52024 --- [app_aurora] [           main] org.hibernate.orm.idgen.factory          : Registering IdentifierGenerator strategy [select] -> [org.hibernate.id.SelectGenerator]
2024-07-23T15:04:18.151-05:00 DEBUG 52024 --- [app_aurora] [           main] org.hibernate.orm.idgen.factory          : Registering IdentifierGenerator strategy [sequence] -> [org.hibernate.id.enhanced.SequenceStyleGenerator]
2024-07-23T15:04:18.152-05:00 DEBUG 52024 --- [app_aurora] [           main] org.hibernate.orm.idgen.factory          : Registering IdentifierGenerator strategy [increment] -> [org.hibernate.id.IncrementGenerator]
2024-07-23T15:04:18.152-05:00 DEBUG 52024 --- [app_aurora] [           main] org.hibernate.orm.idgen.factory          : Registering IdentifierGenerator strategy [foreign] -> [org.hibernate.id.ForeignGenerator]
2024-07-23T15:04:18.153-05:00 DEBUG 52024 --- [app_aurora] [           main] org.hibernate.orm.idgen.factory          : Registering IdentifierGenerator strategy [enhanced-sequence] -> [org.hibernate.id.enhanced.SequenceStyleGenerator]
2024-07-23T15:04:18.153-05:00 DEBUG 52024 --- [app_aurora] [           main] org.hibernate.orm.idgen.factory          : Registering IdentifierGenerator strategy [enhanced-table] -> [org.hibernate.id.enhanced.TableGenerator]
2024-07-23T15:04:18.160-05:00 DEBUG 52024 --- [app_aurora] [           main] o.h.c.internal.RegionFactoryInitiator    : Cannot default RegionFactory based on registered strategies as `[]` RegionFactory strategies were registered
2024-07-23T15:04:18.161-05:00  INFO 52024 --- [app_aurora] [           main] o.h.c.internal.RegionFactoryInitiator    : HHH000026: Second-level cache disabled
2024-07-23T15:04:18.246-05:00 DEBUG 52024 --- [app_aurora] [           main] org.hibernate.type.BasicTypeRegistry     : Adding type registration boolean -> org.hibernate.type.BasicTypeReference@64c95480
2024-07-23T15:04:18.246-05:00 DEBUG 52024 --- [app_aurora] [           main] org.hibernate.type.BasicTypeRegistry     : Adding type registration boolean -> org.hibernate.type.BasicTypeReference@64c95480
2024-07-23T15:04:18.246-05:00 DEBUG 52024 --- [app_aurora] [           main] org.hibernate.type.BasicTypeRegistry     : Adding type registration java.lang.Boolean -> org.hibernate.type.BasicTypeReference@64c95480
2024-07-23T15:04:18.246-05:00 DEBUG 52024 --- [app_aurora] [           main] org.hibernate.type.BasicTypeRegistry     : Adding type registration numeric_boolean -> org.hibernate.type.BasicTypeReference@69499c6f
2024-07-23T15:04:18.246-05:00 DEBUG 52024 --- [app_aurora] [           main] org.hibernate.type.BasicTypeRegistry     : Adding type registration org.hibernate.type.NumericBooleanConverter -> org.hibernate.type.BasicTypeReference@69499c6f
2024-07-23T15:04:18.246-05:00 DEBUG 52024 --- [app_aurora] [           main] org.hibernate.type.BasicTypeRegistry     : Adding type registration true_false -> org.hibernate.type.BasicTypeReference@3451fc88
2024-07-23T15:04:18.247-05:00 DEBUG 52024 --- [app_aurora] [           main] org.hibernate.type.BasicTypeRegistry     : Adding type registration org.hibernate.type.TrueFalseConverter -> org.hibernate.type.BasicTypeReference@3451fc88
2024-07-23T15:04:18.247-05:00 DEBUG 52024 --- [app_aurora] [           main] org.hibernate.type.BasicTypeRegistry     : Adding type registration yes_no -> org.hibernate.type.BasicTypeReference@1e0294a7
2024-07-23T15:04:18.247-05:00 DEBUG 52024 --- [app_aurora] [           main] org.hibernate.type.BasicTypeRegistry     : Adding type registration org.hibernate.type.YesNoConverter -> org.hibernate.type.BasicTypeReference@1e0294a7
2024-07-23T15:04:18.248-05:00 DEBUG 52024 --- [app_aurora] [           main] org.hibernate.type.BasicTypeRegistry     : Adding type registration byte -> org.hibernate.type.BasicTypeReference@3041beb3
2024-07-23T15:04:18.248-05:00 DEBUG 52024 --- [app_aurora] [           main] org.hibernate.type.BasicTypeRegistry     : Adding type registration byte -> org.hibernate.type.BasicTypeReference@3041beb3
2024-07-23T15:04:18.248-05:00 DEBUG 52024 --- [app_aurora] [           main] org.hibernate.type.BasicTypeRegistry     : Adding type registration java.lang.Byte -> org.hibernate.type.BasicTypeReference@3041beb3
2024-07-23T15:04:18.248-05:00 DEBUG 52024 --- [app_aurora] [           main] org.hibernate.type.BasicTypeRegistry     : Adding type registration binary -> org.hibernate.type.BasicTypeReference@15cee630
2024-07-23T15:04:18.248-05:00 DEBUG 52024 --- [app_aurora] [           main] org.hibernate.type.BasicTypeRegistry     : Adding type registration byte[] -> org.hibernate.type.BasicTypeReference@15cee630
2024-07-23T15:04:18.248-05:00 DEBUG 52024 --- [app_aurora] [           main] org.hibernate.type.BasicTypeRegistry     : Adding type registration [B -> org.hibernate.type.BasicTypeReference@15cee630
2024-07-23T15:04:18.248-05:00 DEBUG 52024 --- [app_aurora] [           main] org.hibernate.type.BasicTypeRegistry     : Adding type registration binary_wrapper -> org.hibernate.type.BasicTypeReference@2e40fdbd
2024-07-23T15:04:18.248-05:00 DEBUG 52024 --- [app_aurora] [           main] org.hibernate.type.BasicTypeRegistry     : Adding type registration wrapper-binary -> org.hibernate.type.BasicTypeReference@2e40fdbd
2024-07-23T15:04:18.248-05:00 DEBUG 52024 --- [app_aurora] [           main] org.hibernate.type.BasicTypeRegistry     : Adding type registration image -> org.hibernate.type.BasicTypeReference@246de37e
2024-07-23T15:04:18.248-05:00 DEBUG 52024 --- [app_aurora] [           main] org.hibernate.type.BasicTypeRegistry     : Adding type registration blob -> org.hibernate.type.BasicTypeReference@19647566
2024-07-23T15:04:18.248-05:00 DEBUG 52024 --- [app_aurora] [           main] org.hibernate.type.BasicTypeRegistry     : Adding type registration java.sql.Blob -> org.hibernate.type.BasicTypeReference@19647566
2024-07-23T15:04:18.248-05:00 DEBUG 52024 --- [app_aurora] [           main] org.hibernate.type.BasicTypeRegistry     : Adding type registration materialized_blob -> org.hibernate.type.BasicTypeReference@7b79ff1c
2024-07-23T15:04:18.248-05:00 DEBUG 52024 --- [app_aurora] [           main] org.hibernate.type.BasicTypeRegistry     : Adding type registration materialized_blob_wrapper -> org.hibernate.type.BasicTypeReference@527d48db
2024-07-23T15:04:18.248-05:00 DEBUG 52024 --- [app_aurora] [           main] org.hibernate.type.BasicTypeRegistry     : Adding type registration short -> org.hibernate.type.BasicTypeReference@194037f9
2024-07-23T15:04:18.248-05:00 DEBUG 52024 --- [app_aurora] [           main] org.hibernate.type.BasicTypeRegistry     : Adding type registration short -> org.hibernate.type.BasicTypeReference@194037f9
2024-07-23T15:04:18.248-05:00 DEBUG 52024 --- [app_aurora] [           main] org.hibernate.type.BasicTypeRegistry     : Adding type registration java.lang.Short -> org.hibernate.type.BasicTypeReference@194037f9
2024-07-23T15:04:18.248-05:00 DEBUG 52024 --- [app_aurora] [           main] org.hibernate.type.BasicTypeRegistry     : Adding type registration integer -> org.hibernate.type.BasicTypeReference@2335aef2
2024-07-23T15:04:18.248-05:00 DEBUG 52024 --- [app_aurora] [           main] org.hibernate.type.BasicTypeRegistry     : Adding type registration int -> org.hibernate.type.BasicTypeReference@2335aef2
2024-07-23T15:04:18.248-05:00 DEBUG 52024 --- [app_aurora] [           main] org.hibernate.type.BasicTypeRegistry     : Adding type registration java.lang.Integer -> org.hibernate.type.BasicTypeReference@2335aef2
2024-07-23T15:04:18.248-05:00 DEBUG 52024 --- [app_aurora] [           main] org.hibernate.type.BasicTypeRegistry     : Adding type registration long -> org.hibernate.type.BasicTypeReference@17003497
2024-07-23T15:04:18.248-05:00 DEBUG 52024 --- [app_aurora] [           main] org.hibernate.type.BasicTypeRegistry     : Adding type registration long -> org.hibernate.type.BasicTypeReference@17003497
2024-07-23T15:04:18.249-05:00 DEBUG 52024 --- [app_aurora] [           main] org.hibernate.type.BasicTypeRegistry     : Adding type registration java.lang.Long -> org.hibernate.type.BasicTypeReference@17003497
2024-07-23T15:04:18.249-05:00 DEBUG 52024 --- [app_aurora] [           main] org.hibernate.type.BasicTypeRegistry     : Adding type registration float -> org.hibernate.type.BasicTypeReference@2f038d3c
2024-07-23T15:04:18.249-05:00 DEBUG 52024 --- [app_aurora] [           main] org.hibernate.type.BasicTypeRegistry     : Adding type registration float -> org.hibernate.type.BasicTypeReference@2f038d3c
2024-07-23T15:04:18.249-05:00 DEBUG 52024 --- [app_aurora] [           main] org.hibernate.type.BasicTypeRegistry     : Adding type registration java.lang.Float -> org.hibernate.type.BasicTypeReference@2f038d3c
2024-07-23T15:04:18.249-05:00 DEBUG 52024 --- [app_aurora] [           main] org.hibernate.type.BasicTypeRegistry     : Adding type registration double -> org.hibernate.type.BasicTypeReference@376498da
2024-07-23T15:04:18.249-05:00 DEBUG 52024 --- [app_aurora] [           main] org.hibernate.type.BasicTypeRegistry     : Adding type registration double -> org.hibernate.type.BasicTypeReference@376498da
2024-07-23T15:04:18.249-05:00 DEBUG 52024 --- [app_aurora] [           main] org.hibernate.type.BasicTypeRegistry     : Adding type registration java.lang.Double -> org.hibernate.type.BasicTypeReference@376498da
2024-07-23T15:04:18.249-05:00 DEBUG 52024 --- [app_aurora] [           main] org.hibernate.type.BasicTypeRegistry     : Adding type registration big_integer -> org.hibernate.type.BasicTypeReference@39a8e2fa
2024-07-23T15:04:18.249-05:00 DEBUG 52024 --- [app_aurora] [           main] org.hibernate.type.BasicTypeRegistry     : Adding type registration java.math.BigInteger -> org.hibernate.type.BasicTypeReference@39a8e2fa
2024-07-23T15:04:18.249-05:00 DEBUG 52024 --- [app_aurora] [           main] org.hibernate.type.BasicTypeRegistry     : Adding type registration big_decimal -> org.hibernate.type.BasicTypeReference@2f9addd4
2024-07-23T15:04:18.249-05:00 DEBUG 52024 --- [app_aurora] [           main] org.hibernate.type.BasicTypeRegistry     : Adding type registration java.math.BigDecimal -> org.hibernate.type.BasicTypeReference@2f9addd4
2024-07-23T15:04:18.249-05:00 DEBUG 52024 --- [app_aurora] [           main] org.hibernate.type.BasicTypeRegistry     : Adding type registration character -> org.hibernate.type.BasicTypeReference@1c43df76
2024-07-23T15:04:18.249-05:00 DEBUG 52024 --- [app_aurora] [           main] org.hibernate.type.BasicTypeRegistry     : Adding type registration char -> org.hibernate.type.BasicTypeReference@1c43df76
2024-07-23T15:04:18.250-05:00 DEBUG 52024 --- [app_aurora] [           main] org.hibernate.type.BasicTypeRegistry     : Adding type registration java.lang.Character -> org.hibernate.type.BasicTypeReference@1c43df76
2024-07-23T15:04:18.250-05:00 DEBUG 52024 --- [app_aurora] [           main] org.hibernate.type.BasicTypeRegistry     : Adding type registration character_nchar -> org.hibernate.type.BasicTypeReference@ff2266c
2024-07-23T15:04:18.250-05:00 DEBUG 52024 --- [app_aurora] [           main] org.hibernate.type.BasicTypeRegistry     : Adding type registration string -> org.hibernate.type.BasicTypeReference@71b3ba5a
2024-07-23T15:04:18.250-05:00 DEBUG 52024 --- [app_aurora] [           main] org.hibernate.type.BasicTypeRegistry     : Adding type registration java.lang.String -> org.hibernate.type.BasicTypeReference@71b3ba5a
2024-07-23T15:04:18.250-05:00 DEBUG 52024 --- [app_aurora] [           main] org.hibernate.type.BasicTypeRegistry     : Adding type registration nstring -> org.hibernate.type.BasicTypeReference@83ebdc5
2024-07-23T15:04:18.250-05:00 DEBUG 52024 --- [app_aurora] [           main] org.hibernate.type.BasicTypeRegistry     : Adding type registration characters -> org.hibernate.type.BasicTypeReference@a047bdb
2024-07-23T15:04:18.250-05:00 DEBUG 52024 --- [app_aurora] [           main] org.hibernate.type.BasicTypeRegistry     : Adding type registration char[] -> org.hibernate.type.BasicTypeReference@a047bdb
2024-07-23T15:04:18.250-05:00 DEBUG 52024 --- [app_aurora] [           main] org.hibernate.type.BasicTypeRegistry     : Adding type registration [C -> org.hibernate.type.BasicTypeReference@a047bdb
2024-07-23T15:04:18.250-05:00 DEBUG 52024 --- [app_aurora] [           main] org.hibernate.type.BasicTypeRegistry     : Adding type registration wrapper-characters -> org.hibernate.type.BasicTypeReference@14dbfdb1
2024-07-23T15:04:18.250-05:00 DEBUG 52024 --- [app_aurora] [           main] org.hibernate.type.BasicTypeRegistry     : Adding type registration text -> org.hibernate.type.BasicTypeReference@7856f41a
2024-07-23T15:04:18.250-05:00 DEBUG 52024 --- [app_aurora] [           main] org.hibernate.type.BasicTypeRegistry     : Adding type registration ntext -> org.hibernate.type.BasicTypeReference@5fbae40
2024-07-23T15:04:18.250-05:00 DEBUG 52024 --- [app_aurora] [           main] org.hibernate.type.BasicTypeRegistry     : Adding type registration clob -> org.hibernate.type.BasicTypeReference@2c08c787
2024-07-23T15:04:18.250-05:00 DEBUG 52024 --- [app_aurora] [           main] org.hibernate.type.BasicTypeRegistry     : Adding type registration java.sql.Clob -> org.hibernate.type.BasicTypeReference@2c08c787
2024-07-23T15:04:18.250-05:00 DEBUG 52024 --- [app_aurora] [           main] org.hibernate.type.BasicTypeRegistry     : Adding type registration nclob -> org.hibernate.type.BasicTypeReference@67f591c2
2024-07-23T15:04:18.251-05:00 DEBUG 52024 --- [app_aurora] [           main] org.hibernate.type.BasicTypeRegistry     : Adding type registration java.sql.NClob -> org.hibernate.type.BasicTypeReference@67f591c2
2024-07-23T15:04:18.251-05:00 DEBUG 52024 --- [app_aurora] [           main] org.hibernate.type.BasicTypeRegistry     : Adding type registration materialized_clob -> org.hibernate.type.BasicTypeReference@284c4f02
2024-07-23T15:04:18.251-05:00 DEBUG 52024 --- [app_aurora] [           main] org.hibernate.type.BasicTypeRegistry     : Adding type registration materialized_clob_char_array -> org.hibernate.type.BasicTypeReference@709d6de5
2024-07-23T15:04:18.251-05:00 DEBUG 52024 --- [app_aurora] [           main] org.hibernate.type.BasicTypeRegistry     : Adding type registration materialized_clob_character_array -> org.hibernate.type.BasicTypeReference@1a43a88e
2024-07-23T15:04:18.251-05:00 DEBUG 52024 --- [app_aurora] [           main] org.hibernate.type.BasicTypeRegistry     : Adding type registration materialized_nclob -> org.hibernate.type.BasicTypeReference@51f34185
2024-07-23T15:04:18.251-05:00 DEBUG 52024 --- [app_aurora] [           main] org.hibernate.type.BasicTypeRegistry     : Adding type registration materialized_nclob_character_array -> org.hibernate.type.BasicTypeReference@1b8d20e6
2024-07-23T15:04:18.251-05:00 DEBUG 52024 --- [app_aurora] [           main] org.hibernate.type.BasicTypeRegistry     : Adding type registration materialized_nclob_char_array -> org.hibernate.type.BasicTypeReference@e49437
2024-07-23T15:04:18.251-05:00 DEBUG 52024 --- [app_aurora] [           main] org.hibernate.type.BasicTypeRegistry     : Adding type registration Duration -> org.hibernate.type.BasicTypeReference@7645b7d
2024-07-23T15:04:18.251-05:00 DEBUG 52024 --- [app_aurora] [           main] org.hibernate.type.BasicTypeRegistry     : Adding type registration java.time.Duration -> org.hibernate.type.BasicTypeReference@7645b7d
2024-07-23T15:04:18.251-05:00 DEBUG 52024 --- [app_aurora] [           main] org.hibernate.type.BasicTypeRegistry     : Adding type registration LocalDateTime -> org.hibernate.type.BasicTypeReference@4c50cd7d
2024-07-23T15:04:18.251-05:00 DEBUG 52024 --- [app_aurora] [           main] org.hibernate.type.BasicTypeRegistry     : Adding type registration java.time.LocalDateTime -> org.hibernate.type.BasicTypeReference@4c50cd7d
2024-07-23T15:04:18.251-05:00 DEBUG 52024 --- [app_aurora] [           main] org.hibernate.type.BasicTypeRegistry     : Adding type registration LocalDate -> org.hibernate.type.BasicTypeReference@3ea84e01
2024-07-23T15:04:18.251-05:00 DEBUG 52024 --- [app_aurora] [           main] org.hibernate.type.BasicTypeRegistry     : Adding type registration java.time.LocalDate -> org.hibernate.type.BasicTypeReference@3ea84e01
2024-07-23T15:04:18.251-05:00 DEBUG 52024 --- [app_aurora] [           main] org.hibernate.type.BasicTypeRegistry     : Adding type registration LocalTime -> org.hibernate.type.BasicTypeReference@1a4930cf
2024-07-23T15:04:18.252-05:00 DEBUG 52024 --- [app_aurora] [           main] org.hibernate.type.BasicTypeRegistry     : Adding type registration java.time.LocalTime -> org.hibernate.type.BasicTypeReference@1a4930cf
2024-07-23T15:04:18.252-05:00 DEBUG 52024 --- [app_aurora] [           main] org.hibernate.type.BasicTypeRegistry     : Adding type registration OffsetDateTime -> org.hibernate.type.BasicTypeReference@3fd33f48
2024-07-23T15:04:18.252-05:00 DEBUG 52024 --- [app_aurora] [           main] org.hibernate.type.BasicTypeRegistry     : Adding type registration java.time.OffsetDateTime -> org.hibernate.type.BasicTypeReference@3fd33f48
2024-07-23T15:04:18.252-05:00 DEBUG 52024 --- [app_aurora] [           main] org.hibernate.type.BasicTypeRegistry     : Adding type registration OffsetDateTimeWithTimezone -> org.hibernate.type.BasicTypeReference@75a226ea
2024-07-23T15:04:18.252-05:00 DEBUG 52024 --- [app_aurora] [           main] org.hibernate.type.BasicTypeRegistry     : Adding type registration OffsetDateTimeWithoutTimezone -> org.hibernate.type.BasicTypeReference@986b619
2024-07-23T15:04:18.252-05:00 DEBUG 52024 --- [app_aurora] [           main] org.hibernate.type.BasicTypeRegistry     : Adding type registration OffsetTime -> org.hibernate.type.BasicTypeReference@5a1a20ae
2024-07-23T15:04:18.252-05:00 DEBUG 52024 --- [app_aurora] [           main] org.hibernate.type.BasicTypeRegistry     : Adding type registration java.time.OffsetTime -> org.hibernate.type.BasicTypeReference@5a1a20ae
2024-07-23T15:04:18.252-05:00 DEBUG 52024 --- [app_aurora] [           main] org.hibernate.type.BasicTypeRegistry     : Adding type registration OffsetTimeUtc -> org.hibernate.type.BasicTypeReference@7c956dda
2024-07-23T15:04:18.252-05:00 DEBUG 52024 --- [app_aurora] [           main] org.hibernate.type.BasicTypeRegistry     : Adding type registration OffsetTimeWithTimezone -> org.hibernate.type.BasicTypeReference@186481d4
2024-07-23T15:04:18.252-05:00 DEBUG 52024 --- [app_aurora] [           main] org.hibernate.type.BasicTypeRegistry     : Adding type registration OffsetTimeWithoutTimezone -> org.hibernate.type.BasicTypeReference@24eecabf
2024-07-23T15:04:18.252-05:00 DEBUG 52024 --- [app_aurora] [           main] org.hibernate.type.BasicTypeRegistry     : Adding type registration ZonedDateTime -> org.hibernate.type.BasicTypeReference@2ffa91dc
2024-07-23T15:04:18.252-05:00 DEBUG 52024 --- [app_aurora] [           main] org.hibernate.type.BasicTypeRegistry     : Adding type registration java.time.ZonedDateTime -> org.hibernate.type.BasicTypeReference@2ffa91dc
2024-07-23T15:04:18.252-05:00 DEBUG 52024 --- [app_aurora] [           main] org.hibernate.type.BasicTypeRegistry     : Adding type registration ZonedDateTimeWithTimezone -> org.hibernate.type.BasicTypeReference@78d6c244
2024-07-23T15:04:18.252-05:00 DEBUG 52024 --- [app_aurora] [           main] org.hibernate.type.BasicTypeRegistry     : Adding type registration ZonedDateTimeWithoutTimezone -> org.hibernate.type.BasicTypeReference@448086ab
2024-07-23T15:04:18.252-05:00 DEBUG 52024 --- [app_aurora] [           main] org.hibernate.type.BasicTypeRegistry     : Adding type registration date -> org.hibernate.type.BasicTypeReference@16e907b6
2024-07-23T15:04:18.252-05:00 DEBUG 52024 --- [app_aurora] [           main] org.hibernate.type.BasicTypeRegistry     : Adding type registration java.sql.Date -> org.hibernate.type.BasicTypeReference@16e907b6
2024-07-23T15:04:18.252-05:00 DEBUG 52024 --- [app_aurora] [           main] org.hibernate.type.BasicTypeRegistry     : Adding type registration time -> org.hibernate.type.BasicTypeReference@6de610c6
2024-07-23T15:04:18.253-05:00 DEBUG 52024 --- [app_aurora] [           main] org.hibernate.type.BasicTypeRegistry     : Adding type registration java.sql.Time -> org.hibernate.type.BasicTypeReference@6de610c6
2024-07-23T15:04:18.253-05:00 DEBUG 52024 --- [app_aurora] [           main] org.hibernate.type.BasicTypeRegistry     : Adding type registration timestamp -> org.hibernate.type.BasicTypeReference@23ec2bdc
2024-07-23T15:04:18.253-05:00 DEBUG 52024 --- [app_aurora] [           main] org.hibernate.type.BasicTypeRegistry     : Adding type registration java.sql.Timestamp -> org.hibernate.type.BasicTypeReference@23ec2bdc
2024-07-23T15:04:18.253-05:00 DEBUG 52024 --- [app_aurora] [           main] org.hibernate.type.BasicTypeRegistry     : Adding type registration java.util.Date -> org.hibernate.type.BasicTypeReference@23ec2bdc
2024-07-23T15:04:18.253-05:00 DEBUG 52024 --- [app_aurora] [           main] org.hibernate.type.BasicTypeRegistry     : Adding type registration calendar -> org.hibernate.type.BasicTypeReference@631944d4
2024-07-23T15:04:18.253-05:00 DEBUG 52024 --- [app_aurora] [           main] org.hibernate.type.BasicTypeRegistry     : Adding type registration java.util.Calendar -> org.hibernate.type.BasicTypeReference@631944d4
2024-07-23T15:04:18.253-05:00 DEBUG 52024 --- [app_aurora] [           main] org.hibernate.type.BasicTypeRegistry     : Adding type registration java.util.GregorianCalendar -> org.hibernate.type.BasicTypeReference@631944d4
2024-07-23T15:04:18.253-05:00 DEBUG 52024 --- [app_aurora] [           main] org.hibernate.type.BasicTypeRegistry     : Adding type registration calendar_date -> org.hibernate.type.BasicTypeReference@3d132bb6
2024-07-23T15:04:18.253-05:00 DEBUG 52024 --- [app_aurora] [           main] org.hibernate.type.BasicTypeRegistry     : Adding type registration calendar_time -> org.hibernate.type.BasicTypeReference@60ae7cf2
2024-07-23T15:04:18.253-05:00 DEBUG 52024 --- [app_aurora] [           main] org.hibernate.type.BasicTypeRegistry     : Adding type registration instant -> org.hibernate.type.BasicTypeReference@225e09f0
2024-07-23T15:04:18.253-05:00 DEBUG 52024 --- [app_aurora] [           main] org.hibernate.type.BasicTypeRegistry     : Adding type registration java.time.Instant -> org.hibernate.type.BasicTypeReference@225e09f0
2024-07-23T15:04:18.253-05:00 DEBUG 52024 --- [app_aurora] [           main] org.hibernate.type.BasicTypeRegistry     : Adding type registration uuid -> org.hibernate.type.BasicTypeReference@bc8d68b
2024-07-23T15:04:18.253-05:00 DEBUG 52024 --- [app_aurora] [           main] org.hibernate.type.BasicTypeRegistry     : Adding type registration java.util.UUID -> org.hibernate.type.BasicTypeReference@bc8d68b
2024-07-23T15:04:18.253-05:00 DEBUG 52024 --- [app_aurora] [           main] org.hibernate.type.BasicTypeRegistry     : Adding type registration pg-uuid -> org.hibernate.type.BasicTypeReference@bc8d68b
2024-07-23T15:04:18.253-05:00 DEBUG 52024 --- [app_aurora] [           main] org.hibernate.type.BasicTypeRegistry     : Adding type registration uuid-binary -> org.hibernate.type.BasicTypeReference@2fa212df
2024-07-23T15:04:18.253-05:00 DEBUG 52024 --- [app_aurora] [           main] org.hibernate.type.BasicTypeRegistry     : Adding type registration uuid-char -> org.hibernate.type.BasicTypeReference@3cf8a235
2024-07-23T15:04:18.253-05:00 DEBUG 52024 --- [app_aurora] [           main] org.hibernate.type.BasicTypeRegistry     : Adding type registration class -> org.hibernate.type.BasicTypeReference@6e3b2dd3
2024-07-23T15:04:18.253-05:00 DEBUG 52024 --- [app_aurora] [           main] org.hibernate.type.BasicTypeRegistry     : Adding type registration java.lang.Class -> org.hibernate.type.BasicTypeReference@6e3b2dd3
2024-07-23T15:04:18.253-05:00 DEBUG 52024 --- [app_aurora] [           main] org.hibernate.type.BasicTypeRegistry     : Adding type registration currency -> org.hibernate.type.BasicTypeReference@238ad211
2024-07-23T15:04:18.254-05:00 DEBUG 52024 --- [app_aurora] [           main] org.hibernate.type.BasicTypeRegistry     : Adding type registration Currency -> org.hibernate.type.BasicTypeReference@238ad211
2024-07-23T15:04:18.254-05:00 DEBUG 52024 --- [app_aurora] [           main] org.hibernate.type.BasicTypeRegistry     : Adding type registration java.util.Currency -> org.hibernate.type.BasicTypeReference@238ad211
2024-07-23T15:04:18.254-05:00 DEBUG 52024 --- [app_aurora] [           main] org.hibernate.type.BasicTypeRegistry     : Adding type registration locale -> org.hibernate.type.BasicTypeReference@6591f8ea
2024-07-23T15:04:18.254-05:00 DEBUG 52024 --- [app_aurora] [           main] org.hibernate.type.BasicTypeRegistry     : Adding type registration java.util.Locale -> org.hibernate.type.BasicTypeReference@6591f8ea
2024-07-23T15:04:18.254-05:00 DEBUG 52024 --- [app_aurora] [           main] org.hibernate.type.BasicTypeRegistry     : Adding type registration serializable -> org.hibernate.type.BasicTypeReference@5273143e
2024-07-23T15:04:18.254-05:00 DEBUG 52024 --- [app_aurora] [           main] org.hibernate.type.BasicTypeRegistry     : Adding type registration java.io.Serializable -> org.hibernate.type.BasicTypeReference@5273143e
2024-07-23T15:04:18.254-05:00 DEBUG 52024 --- [app_aurora] [           main] org.hibernate.type.BasicTypeRegistry     : Adding type registration timezone -> org.hibernate.type.BasicTypeReference@279c4e3b
2024-07-23T15:04:18.254-05:00 DEBUG 52024 --- [app_aurora] [           main] org.hibernate.type.BasicTypeRegistry     : Adding type registration java.util.TimeZone -> org.hibernate.type.BasicTypeReference@279c4e3b
2024-07-23T15:04:18.254-05:00 DEBUG 52024 --- [app_aurora] [           main] org.hibernate.type.BasicTypeRegistry     : Adding type registration ZoneOffset -> org.hibernate.type.BasicTypeReference@334b392d
2024-07-23T15:04:18.254-05:00 DEBUG 52024 --- [app_aurora] [           main] org.hibernate.type.BasicTypeRegistry     : Adding type registration java.time.ZoneOffset -> org.hibernate.type.BasicTypeReference@334b392d
2024-07-23T15:04:18.255-05:00 DEBUG 52024 --- [app_aurora] [           main] org.hibernate.type.BasicTypeRegistry     : Adding type registration url -> org.hibernate.type.BasicTypeReference@59f7c106
2024-07-23T15:04:18.255-05:00 DEBUG 52024 --- [app_aurora] [           main] org.hibernate.type.BasicTypeRegistry     : Adding type registration java.net.URL -> org.hibernate.type.BasicTypeReference@59f7c106
2024-07-23T15:04:18.255-05:00 DEBUG 52024 --- [app_aurora] [           main] org.hibernate.type.BasicTypeRegistry     : Adding type registration vector -> org.hibernate.type.BasicTypeReference@136fece2
2024-07-23T15:04:18.255-05:00 DEBUG 52024 --- [app_aurora] [           main] org.hibernate.type.BasicTypeRegistry     : Adding type registration row_version -> org.hibernate.type.BasicTypeReference@56478522
2024-07-23T15:04:18.260-05:00 DEBUG 52024 --- [app_aurora] [           main] org.hibernate.type.BasicTypeRegistry     : Adding type registration object -> org.hibernate.type.JavaObjectType@627acb38
2024-07-23T15:04:18.260-05:00 DEBUG 52024 --- [app_aurora] [           main] org.hibernate.type.BasicTypeRegistry     : Adding type registration java.lang.Object -> org.hibernate.type.JavaObjectType@627acb38
2024-07-23T15:04:18.261-05:00 DEBUG 52024 --- [app_aurora] [           main] org.hibernate.type.BasicTypeRegistry     : Adding type registration null -> org.hibernate.type.NullType@7d126083
2024-07-23T15:04:18.261-05:00 DEBUG 52024 --- [app_aurora] [           main] org.hibernate.type.BasicTypeRegistry     : Adding type registration imm_date -> org.hibernate.type.BasicTypeReference@76ffc17c
2024-07-23T15:04:18.261-05:00 DEBUG 52024 --- [app_aurora] [           main] org.hibernate.type.BasicTypeRegistry     : Adding type registration imm_time -> org.hibernate.type.BasicTypeReference@3a8fb023
2024-07-23T15:04:18.261-05:00 DEBUG 52024 --- [app_aurora] [           main] org.hibernate.type.BasicTypeRegistry     : Adding type registration imm_timestamp -> org.hibernate.type.BasicTypeReference@26d73519
2024-07-23T15:04:18.261-05:00 DEBUG 52024 --- [app_aurora] [           main] org.hibernate.type.BasicTypeRegistry     : Adding type registration imm_calendar -> org.hibernate.type.BasicTypeReference@48af5f38
2024-07-23T15:04:18.261-05:00 DEBUG 52024 --- [app_aurora] [           main] org.hibernate.type.BasicTypeRegistry     : Adding type registration imm_calendar_date -> org.hibernate.type.BasicTypeReference@40538370
2024-07-23T15:04:18.261-05:00 DEBUG 52024 --- [app_aurora] [           main] org.hibernate.type.BasicTypeRegistry     : Adding type registration imm_calendar_time -> org.hibernate.type.BasicTypeReference@71a2df1
2024-07-23T15:04:18.262-05:00 DEBUG 52024 --- [app_aurora] [           main] org.hibernate.type.BasicTypeRegistry     : Adding type registration imm_binary -> org.hibernate.type.BasicTypeReference@18faaff6
2024-07-23T15:04:18.262-05:00 DEBUG 52024 --- [app_aurora] [           main] org.hibernate.type.BasicTypeRegistry     : Adding type registration imm_serializable -> org.hibernate.type.BasicTypeReference@2a9e754e
2024-07-23T15:04:18.267-05:00 DEBUG 52024 --- [app_aurora] [           main] o.h.boot.internal.BootstrapContextImpl   : Injecting JPA temp ClassLoader [org.springframework.instrument.classloading.SimpleThrowawayClassLoader@7573c7b5] into BootstrapContext; was [null]
2024-07-23T15:04:18.267-05:00 DEBUG 52024 --- [app_aurora] [           main] o.h.boot.internal.ClassLoaderAccessImpl  : ClassLoaderAccessImpl#injectTempClassLoader(org.springframework.instrument.classloading.SimpleThrowawayClassLoader@7573c7b5) [was null]
2024-07-23T15:04:18.267-05:00 DEBUG 52024 --- [app_aurora] [           main] o.h.boot.internal.BootstrapContextImpl   : Injecting ScanEnvironment [org.hibernate.jpa.boot.internal.StandardJpaScanEnvironmentImpl@29f95272] into BootstrapContext; was [null]
2024-07-23T15:04:18.268-05:00 DEBUG 52024 --- [app_aurora] [           main] o.h.boot.internal.BootstrapContextImpl   : Injecting ScanOptions [org.hibernate.boot.archive.scan.internal.StandardScanOptions@c754401] into BootstrapContext; was [org.hibernate.boot.archive.scan.internal.StandardScanOptions@1da53f4f]
2024-07-23T15:04:18.503-05:00  INFO 52024 --- [app_aurora] [           main] o.s.o.j.p.SpringPersistenceUnitInfo      : No LoadTimeWeaver setup: ignoring JPA class transformer
2024-07-23T15:04:18.504-05:00 DEBUG 52024 --- [app_aurora] [           main] o.h.boot.internal.BootstrapContextImpl   : Injecting JPA temp ClassLoader [null] into BootstrapContext; was [org.springframework.instrument.classloading.SimpleThrowawayClassLoader@7573c7b5]
2024-07-23T15:04:18.505-05:00 DEBUG 52024 --- [app_aurora] [           main] o.h.boot.internal.ClassLoaderAccessImpl  : ClassLoaderAccessImpl#injectTempClassLoader(null) [was org.springframework.instrument.classloading.SimpleThrowawayClassLoader@7573c7b5]
2024-07-23T15:04:18.758-05:00 DEBUG 52024 --- [app_aurora] [           main] o.h.e.j.e.i.JdbcEnvironmentInitiator     : Database ->
	   name : MySQL
	version : 5.5.5-10.11.7-MariaDB-cll-lve
	  major : 5
	  minor : 5
2024-07-23T15:04:18.758-05:00 DEBUG 52024 --- [app_aurora] [           main] o.h.e.j.e.i.JdbcEnvironmentInitiator     : Driver ->
	   name : MySQL Connector/J
	version : mysql-connector-j-8.3.0 (Revision: 805f872a57875f311cb82487efcfb070411a3fa0)
	  major : 8
	  minor : 3
2024-07-23T15:04:18.758-05:00 DEBUG 52024 --- [app_aurora] [           main] o.h.e.j.e.i.JdbcEnvironmentInitiator     : JDBC version : 4.2
2024-07-23T15:04:18.984-05:00  WARN 52024 --- [app_aurora] [           main] org.hibernate.dialect.Dialect            : HHH000511: The 5.5.5 version for [org.hibernate.dialect.MySQLDialect] is no longer supported, hence certain features may not work properly. The minimum supported version is 8.0.0. Check the community dialects project for available legacy versions.
2024-07-23T15:04:18.984-05:00  WARN 52024 --- [app_aurora] [           main] org.hibernate.orm.deprecation            : HHH90000025: MySQLDialect does not need to be specified explicitly using 'hibernate.dialect' (remove the property setting and it will be selected by default)
2024-07-23T15:04:18.989-05:00 DEBUG 52024 --- [app_aurora] [           main] org.hibernate.orm.dialect                : HHH035001: Using dialect: org.hibernate.dialect.MySQLDialect, version: 5.5.5
2024-07-23T15:04:18.994-05:00 DEBUG 52024 --- [app_aurora] [           main] o.h.e.j.env.spi.IdentifierHelperBuilder  : JDBC driver metadata reported database stores quoted identifiers in more than one case
2024-07-23T15:04:18.994-05:00 DEBUG 52024 --- [app_aurora] [           main] o.h.e.j.env.spi.IdentifierHelperBuilder  : IdentifierCaseStrategy for both quoted and unquoted identifiers was set to the same strategy [MIXED]; that will likely lead to problems in schema update and validation if using quoted identifiers
2024-07-23T15:04:18.994-05:00 DEBUG 52024 --- [app_aurora] [           main] org.hibernate.orm.jdbc.lob               : HHH10010001: Disabling contextual LOB creation as hibernate.jdbc.lob.non_contextual_creation is true
2024-07-23T15:04:19.004-05:00 DEBUG 52024 --- [app_aurora] [           main] o.h.t.d.sql.spi.DdlTypeRegistry          : addDescriptor(12, org.hibernate.type.descriptor.sql.internal.CapacityDependentDdlType@73e399cc) replaced previous registration(org.hibernate.type.descriptor.sql.internal.CapacityDependentDdlType@3dd591b9)
2024-07-23T15:04:19.004-05:00 DEBUG 52024 --- [app_aurora] [           main] o.h.t.d.sql.spi.DdlTypeRegistry          : addDescriptor(-9, org.hibernate.type.descriptor.sql.internal.CapacityDependentDdlType@538905d2) replaced previous registration(org.hibernate.type.descriptor.sql.internal.CapacityDependentDdlType@7e8c58fd)
2024-07-23T15:04:19.004-05:00 DEBUG 52024 --- [app_aurora] [           main] o.h.t.d.sql.spi.DdlTypeRegistry          : addDescriptor(-3, org.hibernate.type.descriptor.sql.internal.CapacityDependentDdlType@11ce9319) replaced previous registration(org.hibernate.type.descriptor.sql.internal.CapacityDependentDdlType@780c0)
2024-07-23T15:04:19.004-05:00 DEBUG 52024 --- [app_aurora] [           main] o.h.t.d.sql.spi.DdlTypeRegistry          : addDescriptor(4003, org.hibernate.type.descriptor.sql.internal.DdlTypeImpl@1b3bb287) replaced previous registration(org.hibernate.type.descriptor.sql.internal.DdlTypeImpl@7ec5aad)
2024-07-23T15:04:19.004-05:00 DEBUG 52024 --- [app_aurora] [           main] o.h.t.d.sql.spi.DdlTypeRegistry          : addDescriptor(4001, org.hibernate.type.descriptor.sql.internal.DdlTypeImpl@625f5712) replaced previous registration(org.hibernate.type.descriptor.sql.internal.DdlTypeImpl@5e62ca19)
2024-07-23T15:04:19.004-05:00 DEBUG 52024 --- [app_aurora] [           main] o.h.t.d.sql.spi.DdlTypeRegistry          : addDescriptor(4002, org.hibernate.type.descriptor.sql.internal.DdlTypeImpl@188bf4d8) replaced previous registration(org.hibernate.type.descriptor.sql.internal.DdlTypeImpl@7dd7ec56)
2024-07-23T15:04:19.004-05:00 DEBUG 52024 --- [app_aurora] [           main] o.h.t.d.sql.spi.DdlTypeRegistry          : addDescriptor(2004, org.hibernate.type.descriptor.sql.internal.CapacityDependentDdlType@6528d339) replaced previous registration(org.hibernate.type.descriptor.sql.internal.DdlTypeImpl@2dd2ff87)
2024-07-23T15:04:19.004-05:00 DEBUG 52024 --- [app_aurora] [           main] o.h.t.d.sql.spi.DdlTypeRegistry          : addDescriptor(2005, org.hibernate.type.descriptor.sql.internal.CapacityDependentDdlType@6a38e3d1) replaced previous registration(org.hibernate.type.descriptor.sql.internal.DdlTypeImpl@28cf179c)
2024-07-23T15:04:19.004-05:00 DEBUG 52024 --- [app_aurora] [           main] o.h.t.d.sql.spi.DdlTypeRegistry          : addDescriptor(2011, org.hibernate.type.descriptor.sql.internal.CapacityDependentDdlType@bdda8a7) replaced previous registration(org.hibernate.type.descriptor.sql.internal.DdlTypeImpl@3149409c)
2024-07-23T15:04:19.004-05:00 DEBUG 52024 --- [app_aurora] [           main] o.h.t.d.jdbc.spi.JdbcTypeRegistry        : addDescriptor(NCharTypeDescriptor) replaced previous registration(CharTypeDescriptor)
2024-07-23T15:04:19.004-05:00 DEBUG 52024 --- [app_aurora] [           main] o.h.t.d.jdbc.spi.JdbcTypeRegistry        : addDescriptor(NVarcharTypeDescriptor) replaced previous registration(VarcharTypeDescriptor)
2024-07-23T15:04:19.004-05:00 DEBUG 52024 --- [app_aurora] [           main] o.h.t.d.jdbc.spi.JdbcTypeRegistry        : addDescriptor(LongNVarcharTypeDescriptor) replaced previous registration(LongVarcharTypeDescriptor)
2024-07-23T15:04:19.009-05:00 DEBUG 52024 --- [app_aurora] [           main] o.h.t.d.jdbc.spi.JdbcTypeRegistry        : addDescriptor(NClobTypeDescriptor(DEFAULT)) replaced previous registration(ClobTypeDescriptor(DEFAULT))
2024-07-23T15:04:19.009-05:00 DEBUG 52024 --- [app_aurora] [           main] o.h.t.d.jdbc.spi.JdbcTypeRegistry        : addDescriptor(2005, ClobTypeDescriptor(STREAM_BINDING)) replaced previous registration(ClobTypeDescriptor(DEFAULT))
2024-07-23T15:04:19.009-05:00 DEBUG 52024 --- [app_aurora] [           main] org.hibernate.type.BasicTypeRegistry     : Adding type registration null -> org.hibernate.type.NullType@7a021f49
2024-07-23T15:04:19.009-05:00 DEBUG 52024 --- [app_aurora] [           main] org.hibernate.type.BasicTypeRegistry     : Type registration key [null] overrode previous entry : `org.hibernate.type.NullType@7d126083`
2024-07-23T15:04:19.014-05:00 DEBUG 52024 --- [app_aurora] [           main] org.hibernate.type.BasicTypeRegistry     : Adding type registration org.hibernate.type.DurationType -> basicType@1(java.time.Duration,3015)
2024-07-23T15:04:19.014-05:00 DEBUG 52024 --- [app_aurora] [           main] org.hibernate.type.BasicTypeRegistry     : Adding type registration Duration -> basicType@1(java.time.Duration,3015)
2024-07-23T15:04:19.014-05:00 DEBUG 52024 --- [app_aurora] [           main] org.hibernate.type.BasicTypeRegistry     : Adding type registration java.time.Duration -> basicType@1(java.time.Duration,3015)
2024-07-23T15:04:19.014-05:00 DEBUG 52024 --- [app_aurora] [           main] org.hibernate.type.BasicTypeRegistry     : Adding type registration org.hibernate.type.OffsetDateTimeType -> basicType@2(java.time.OffsetDateTime,3003)
2024-07-23T15:04:19.014-05:00 DEBUG 52024 --- [app_aurora] [           main] org.hibernate.type.BasicTypeRegistry     : Adding type registration OffsetDateTime -> basicType@2(java.time.OffsetDateTime,3003)
2024-07-23T15:04:19.014-05:00 DEBUG 52024 --- [app_aurora] [           main] org.hibernate.type.BasicTypeRegistry     : Adding type registration java.time.OffsetDateTime -> basicType@2(java.time.OffsetDateTime,3003)
2024-07-23T15:04:19.014-05:00 DEBUG 52024 --- [app_aurora] [           main] org.hibernate.type.BasicTypeRegistry     : Adding type registration org.hibernate.type.ZonedDateTimeType -> basicType@3(java.time.ZonedDateTime,3003)
2024-07-23T15:04:19.014-05:00 DEBUG 52024 --- [app_aurora] [           main] org.hibernate.type.BasicTypeRegistry     : Adding type registration ZonedDateTime -> basicType@3(java.time.ZonedDateTime,3003)
2024-07-23T15:04:19.014-05:00 DEBUG 52024 --- [app_aurora] [           main] org.hibernate.type.BasicTypeRegistry     : Adding type registration java.time.ZonedDateTime -> basicType@3(java.time.ZonedDateTime,3003)
2024-07-23T15:04:19.014-05:00 DEBUG 52024 --- [app_aurora] [           main] org.hibernate.type.BasicTypeRegistry     : Adding type registration org.hibernate.type.OffsetTimeType -> basicType@4(java.time.OffsetTime,3007)
2024-07-23T15:04:19.014-05:00 DEBUG 52024 --- [app_aurora] [           main] org.hibernate.type.BasicTypeRegistry     : Adding type registration OffsetTime -> basicType@4(java.time.OffsetTime,3007)
2024-07-23T15:04:19.014-05:00 DEBUG 52024 --- [app_aurora] [           main] org.hibernate.type.BasicTypeRegistry     : Adding type registration java.time.OffsetTime -> basicType@4(java.time.OffsetTime,3007)
2024-07-23T15:04:19.024-05:00 DEBUG 52024 --- [app_aurora] [           main] o.h.type.spi.TypeConfiguration$Scope     : Scoping TypeConfiguration [org.hibernate.type.spi.TypeConfiguration@7bc8ffbc] to MetadataBuildingContext [org.hibernate.boot.internal.MetadataBuildingContextRootImpl@120d13ae]
2024-07-23T15:04:19.054-05:00 DEBUG 52024 --- [app_aurora] [           main] o.h.boot.model.relational.Namespace      : Created database namespace [logicalName=Name{catalog=null, schema=null}, physicalName=Name{catalog=null, schema=null}]
2024-07-23T15:04:19.074-05:00 DEBUG 52024 --- [app_aurora] [           main] o.h.boot.model.internal.EntityBinder     : Binding entity from annotated class: NameCheap.nameCheap.entidades.Imagen
2024-07-23T15:04:19.084-05:00 DEBUG 52024 --- [app_aurora] [           main] o.h.boot.model.internal.EntityBinder     : Import with entity name Imagen
2024-07-23T15:04:19.089-05:00 DEBUG 52024 --- [app_aurora] [           main] o.h.boot.model.internal.EntityBinder     : Bind entity NameCheap.nameCheap.entidades.Imagen on table imagen
2024-07-23T15:04:19.099-05:00 DEBUG 52024 --- [app_aurora] [           main] o.h.boot.model.internal.AnnotatedColumn  : Binding column: AnnotatedDiscriminatorColumn(column='DTYPE')
2024-07-23T15:04:19.114-05:00 DEBUG 52024 --- [app_aurora] [           main] o.h.boot.model.internal.AnnotatedColumn  : Binding column: AnnotatedColumn()
2024-07-23T15:04:19.119-05:00 DEBUG 52024 --- [app_aurora] [           main] o.h.boot.internal.ClassLoaderAccessImpl  : Not known whether passed class name [NameCheap.nameCheap.entidades.Imagen] is safe
2024-07-23T15:04:19.119-05:00 DEBUG 52024 --- [app_aurora] [           main] o.h.boot.internal.ClassLoaderAccessImpl  : No temp ClassLoader provided; using live ClassLoader for loading potentially unsafe class : NameCheap.nameCheap.entidades.Imagen
2024-07-23T15:04:19.119-05:00 DEBUG 52024 --- [app_aurora] [           main] o.h.boot.model.internal.PropertyBinder   : MetadataSourceProcessor property id with lazy=false
2024-07-23T15:04:19.124-05:00 DEBUG 52024 --- [app_aurora] [           main] o.h.b.m.internal.AbstractPropertyHolder  : Attempting to locate auto-apply AttributeConverter for property [NameCheap.nameCheap.entidades.Imagen:id]
2024-07-23T15:04:19.129-05:00 DEBUG 52024 --- [app_aurora] [           main] o.h.b.model.internal.BasicValueBinder    : building BasicValue for id
2024-07-23T15:04:19.134-05:00 DEBUG 52024 --- [app_aurora] [           main] org.hibernate.mapping.BasicValue         : Skipping column re-registration: imagen.id
2024-07-23T15:04:19.134-05:00 DEBUG 52024 --- [app_aurora] [           main] o.h.boot.model.internal.PropertyBinder   : Building property id
2024-07-23T15:04:19.137-05:00 DEBUG 52024 --- [app_aurora] [           main] o.h.boot.model.internal.BinderHelper     : #makeIdGenerator(BasicValue([Column(id)]), id, org.hibernate.id.enhanced.SequenceStyleGenerator, , ...)
2024-07-23T15:04:19.138-05:00 DEBUG 52024 --- [app_aurora] [           main] o.h.boot.model.internal.AnnotatedColumn  : Binding column: AnnotatedColumn()
2024-07-23T15:04:19.138-05:00 DEBUG 52024 --- [app_aurora] [           main] o.h.boot.model.internal.PropertyBinder   : MetadataSourceProcessor property fileType with lazy=false
2024-07-23T15:04:19.138-05:00 DEBUG 52024 --- [app_aurora] [           main] o.h.b.m.internal.AbstractPropertyHolder  : Attempting to locate auto-apply AttributeConverter for property [NameCheap.nameCheap.entidades.Imagen:fileType]
2024-07-23T15:04:19.139-05:00 DEBUG 52024 --- [app_aurora] [           main] o.h.b.model.internal.BasicValueBinder    : building BasicValue for fileType
2024-07-23T15:04:19.139-05:00 DEBUG 52024 --- [app_aurora] [           main] org.hibernate.mapping.BasicValue         : Skipping column re-registration: imagen.file_type
2024-07-23T15:04:19.139-05:00 DEBUG 52024 --- [app_aurora] [           main] o.h.boot.model.internal.PropertyBinder   : Building property fileType
2024-07-23T15:04:19.141-05:00 DEBUG 52024 --- [app_aurora] [           main] o.h.boot.model.internal.AnnotatedColumn  : Binding column: AnnotatedJoinColumn()
2024-07-23T15:04:19.141-05:00 DEBUG 52024 --- [app_aurora] [           main] o.h.boot.model.internal.AnnotatedColumn  : Binding column: AnnotatedColumn()
2024-07-23T15:04:19.145-05:00 DEBUG 52024 --- [app_aurora] [           main] o.h.boot.model.internal.PropertyBinder   : Building property info
2024-07-23T15:04:19.145-05:00 DEBUG 52024 --- [app_aurora] [           main] o.h.boot.model.internal.AnnotatedColumn  : Binding column: AnnotatedColumn()
2024-07-23T15:04:19.145-05:00 DEBUG 52024 --- [app_aurora] [           main] o.h.boot.model.internal.PropertyBinder   : MetadataSourceProcessor property nombreImagen with lazy=false
2024-07-23T15:04:19.145-05:00 DEBUG 52024 --- [app_aurora] [           main] o.h.b.m.internal.AbstractPropertyHolder  : Attempting to locate auto-apply AttributeConverter for property [NameCheap.nameCheap.entidades.Imagen:nombreImagen]
2024-07-23T15:04:19.146-05:00 DEBUG 52024 --- [app_aurora] [           main] o.h.b.model.internal.BasicValueBinder    : building BasicValue for nombreImagen
2024-07-23T15:04:19.146-05:00 DEBUG 52024 --- [app_aurora] [           main] org.hibernate.mapping.BasicValue         : Skipping column re-registration: imagen.nombre_imagen
2024-07-23T15:04:19.146-05:00 DEBUG 52024 --- [app_aurora] [           main] o.h.boot.model.internal.PropertyBinder   : Building property nombreImagen
2024-07-23T15:04:19.146-05:00 DEBUG 52024 --- [app_aurora] [           main] o.h.boot.model.internal.AnnotatedColumn  : Binding column: AnnotatedColumn()
2024-07-23T15:04:19.146-05:00 DEBUG 52024 --- [app_aurora] [           main] o.h.boot.model.internal.PropertyBinder   : MetadataSourceProcessor property ruta with lazy=false
2024-07-23T15:04:19.146-05:00 DEBUG 52024 --- [app_aurora] [           main] o.h.b.m.internal.AbstractPropertyHolder  : Attempting to locate auto-apply AttributeConverter for property [NameCheap.nameCheap.entidades.Imagen:ruta]
2024-07-23T15:04:19.146-05:00 DEBUG 52024 --- [app_aurora] [           main] o.h.b.model.internal.BasicValueBinder    : building BasicValue for ruta
2024-07-23T15:04:19.146-05:00 DEBUG 52024 --- [app_aurora] [           main] org.hibernate.mapping.BasicValue         : Skipping column re-registration: imagen.ruta
2024-07-23T15:04:19.146-05:00 DEBUG 52024 --- [app_aurora] [           main] o.h.boot.model.internal.PropertyBinder   : Building property ruta
2024-07-23T15:04:19.146-05:00 DEBUG 52024 --- [app_aurora] [           main] o.h.boot.model.internal.AnnotatedColumn  : Binding column: AnnotatedColumn()
2024-07-23T15:04:19.147-05:00 DEBUG 52024 --- [app_aurora] [           main] o.h.boot.model.internal.PropertyBinder   : MetadataSourceProcessor property tamano with lazy=false
2024-07-23T15:04:19.147-05:00 DEBUG 52024 --- [app_aurora] [           main] o.h.b.m.internal.AbstractPropertyHolder  : Attempting to locate auto-apply AttributeConverter for property [NameCheap.nameCheap.entidades.Imagen:tamano]
2024-07-23T15:04:19.147-05:00 DEBUG 52024 --- [app_aurora] [           main] o.h.b.model.internal.BasicValueBinder    : building BasicValue for tamano
2024-07-23T15:04:19.147-05:00 DEBUG 52024 --- [app_aurora] [           main] org.hibernate.mapping.BasicValue         : Skipping column re-registration: imagen.tamano
2024-07-23T15:04:19.147-05:00 DEBUG 52024 --- [app_aurora] [           main] o.h.boot.model.internal.PropertyBinder   : Building property tamano
2024-07-23T15:04:19.147-05:00 DEBUG 52024 --- [app_aurora] [           main] o.h.boot.model.internal.AnnotatedColumn  : Binding column: AnnotatedColumn()
2024-07-23T15:04:19.147-05:00 DEBUG 52024 --- [app_aurora] [           main] o.h.boot.model.internal.PropertyBinder   : MetadataSourceProcessor property titulo with lazy=false
2024-07-23T15:04:19.147-05:00 DEBUG 52024 --- [app_aurora] [           main] o.h.b.m.internal.AbstractPropertyHolder  : Attempting to locate auto-apply AttributeConverter for property [NameCheap.nameCheap.entidades.Imagen:titulo]
2024-07-23T15:04:19.147-05:00 DEBUG 52024 --- [app_aurora] [           main] o.h.b.model.internal.BasicValueBinder    : building BasicValue for titulo
2024-07-23T15:04:19.147-05:00 DEBUG 52024 --- [app_aurora] [           main] org.hibernate.mapping.BasicValue         : Skipping column re-registration: imagen.titulo
2024-07-23T15:04:19.147-05:00 DEBUG 52024 --- [app_aurora] [           main] o.h.boot.model.internal.PropertyBinder   : Building property titulo
2024-07-23T15:04:19.148-05:00 DEBUG 52024 --- [app_aurora] [           main] o.h.b.r.c.i.ClassLoaderServiceImpl       : HHH000194: Package not found or no package-info.java: NameCheap.nameCheap.entidades
2024-07-23T15:04:19.153-05:00 DEBUG 52024 --- [app_aurora] [           main] o.h.boot.model.internal.EntityBinder     : Binding entity from annotated class: NameCheap.nameCheap.entidades.Informacion
2024-07-23T15:04:19.153-05:00 DEBUG 52024 --- [app_aurora] [           main] o.h.boot.model.internal.EntityBinder     : Import with entity name Informacion
2024-07-23T15:04:19.153-05:00 DEBUG 52024 --- [app_aurora] [           main] o.h.boot.model.internal.EntityBinder     : Bind entity NameCheap.nameCheap.entidades.Informacion on table informacion
2024-07-23T15:04:19.153-05:00 DEBUG 52024 --- [app_aurora] [           main] o.h.boot.model.internal.AnnotatedColumn  : Binding column: AnnotatedDiscriminatorColumn(column='DTYPE')
2024-07-23T15:04:19.156-05:00 DEBUG 52024 --- [app_aurora] [           main] o.h.boot.model.internal.AnnotatedColumn  : Binding column: AnnotatedColumn()
2024-07-23T15:04:19.156-05:00 DEBUG 52024 --- [app_aurora] [           main] o.h.boot.internal.ClassLoaderAccessImpl  : Not known whether passed class name [NameCheap.nameCheap.entidades.Informacion] is safe
2024-07-23T15:04:19.156-05:00 DEBUG 52024 --- [app_aurora] [           main] o.h.boot.internal.ClassLoaderAccessImpl  : No temp ClassLoader provided; using live ClassLoader for loading potentially unsafe class : NameCheap.nameCheap.entidades.Informacion
2024-07-23T15:04:19.156-05:00 DEBUG 52024 --- [app_aurora] [           main] o.h.boot.model.internal.PropertyBinder   : MetadataSourceProcessor property id with lazy=false
2024-07-23T15:04:19.156-05:00 DEBUG 52024 --- [app_aurora] [           main] o.h.b.m.internal.AbstractPropertyHolder  : Attempting to locate auto-apply AttributeConverter for property [NameCheap.nameCheap.entidades.Informacion:id]
2024-07-23T15:04:19.156-05:00 DEBUG 52024 --- [app_aurora] [           main] o.h.b.model.internal.BasicValueBinder    : building BasicValue for id
2024-07-23T15:04:19.156-05:00 DEBUG 52024 --- [app_aurora] [           main] org.hibernate.mapping.BasicValue         : Skipping column re-registration: informacion.id
2024-07-23T15:04:19.157-05:00 DEBUG 52024 --- [app_aurora] [           main] o.h.boot.model.internal.PropertyBinder   : Building property id
2024-07-23T15:04:19.157-05:00 DEBUG 52024 --- [app_aurora] [           main] o.h.boot.model.internal.BinderHelper     : #makeIdGenerator(BasicValue([Column(id)]), id, org.hibernate.id.enhanced.SequenceStyleGenerator, , ...)
2024-07-23T15:04:19.157-05:00 DEBUG 52024 --- [app_aurora] [           main] o.h.boot.model.internal.AnnotatedColumn  : Binding column: AnnotatedColumn()
2024-07-23T15:04:19.157-05:00 DEBUG 52024 --- [app_aurora] [           main] o.h.boot.model.internal.PropertyBinder   : MetadataSourceProcessor property iconoServicio with lazy=false
2024-07-23T15:04:19.157-05:00 DEBUG 52024 --- [app_aurora] [           main] o.h.b.m.internal.AbstractPropertyHolder  : Attempting to locate auto-apply AttributeConverter for property [NameCheap.nameCheap.entidades.Informacion:iconoServicio]
2024-07-23T15:04:19.157-05:00 DEBUG 52024 --- [app_aurora] [           main] o.h.b.model.internal.BasicValueBinder    : building BasicValue for iconoServicio
2024-07-23T15:04:19.157-05:00 DEBUG 52024 --- [app_aurora] [           main] org.hibernate.mapping.BasicValue         : Skipping column re-registration: informacion.icono_servicio
2024-07-23T15:04:19.157-05:00 DEBUG 52024 --- [app_aurora] [           main] o.h.boot.model.internal.PropertyBinder   : Building property iconoServicio
2024-07-23T15:04:19.169-05:00 DEBUG 52024 --- [app_aurora] [           main] o.h.boot.model.internal.AnnotatedColumn  : Binding column: IndexColumn(column='imagen_ORDER')
2024-07-23T15:04:19.170-05:00 DEBUG 52024 --- [app_aurora] [           main] o.h.boot.model.internal.AnnotatedColumn  : Binding column: AnnotatedColumn()
2024-07-23T15:04:19.171-05:00 DEBUG 52024 --- [app_aurora] [           main] o.h.boot.model.internal.AnnotatedColumn  : Binding column: AnnotatedColumn(column='imagen_KEY')
2024-07-23T15:04:19.172-05:00 DEBUG 52024 --- [app_aurora] [           main] o.h.boot.model.internal.AnnotatedColumn  : Binding column: AnnotatedJoinColumn(column='imagen_KEY')
2024-07-23T15:04:19.172-05:00 DEBUG 52024 --- [app_aurora] [           main] o.h.boot.model.internal.AnnotatedColumn  : Binding column: AnnotatedJoinColumn()
2024-07-23T15:04:19.172-05:00 DEBUG 52024 --- [app_aurora] [           main] o.h.boot.model.internal.AnnotatedColumn  : Binding column: AnnotatedJoinColumn()
2024-07-23T15:04:19.174-05:00 DEBUG 52024 --- [app_aurora] [           main] o.h.b.model.internal.CollectionBinder    : Collection role: NameCheap.nameCheap.entidades.Informacion.imagen
2024-07-23T15:04:19.175-05:00 DEBUG 52024 --- [app_aurora] [           main] o.h.boot.model.internal.PropertyBinder   : Building property imagen
2024-07-23T15:04:19.176-05:00 DEBUG 52024 --- [app_aurora] [           main] o.h.boot.model.internal.AnnotatedColumn  : Binding column: AnnotatedColumn()
2024-07-23T15:04:19.176-05:00 DEBUG 52024 --- [app_aurora] [           main] o.h.boot.model.internal.PropertyBinder   : MetadataSourceProcessor property seccion with lazy=false
2024-07-23T15:04:19.176-05:00 DEBUG 52024 --- [app_aurora] [           main] o.h.b.m.internal.AbstractPropertyHolder  : Attempting to locate auto-apply AttributeConverter for property [NameCheap.nameCheap.entidades.Informacion:seccion]
2024-07-23T15:04:19.176-05:00 DEBUG 52024 --- [app_aurora] [           main] o.h.b.model.internal.BasicValueBinder    : building BasicValue for seccion
2024-07-23T15:04:19.176-05:00 DEBUG 52024 --- [app_aurora] [           main] org.hibernate.mapping.BasicValue         : Skipping column re-registration: informacion.seccion
2024-07-23T15:04:19.176-05:00 DEBUG 52024 --- [app_aurora] [           main] o.h.boot.model.internal.PropertyBinder   : Building property seccion
2024-07-23T15:04:19.176-05:00 DEBUG 52024 --- [app_aurora] [           main] o.h.boot.model.internal.AnnotatedColumn  : Binding column: AnnotatedColumn()
2024-07-23T15:04:19.176-05:00 DEBUG 52024 --- [app_aurora] [           main] o.h.boot.model.internal.PropertyBinder   : MetadataSourceProcessor property texto with lazy=false
2024-07-23T15:04:19.177-05:00 DEBUG 52024 --- [app_aurora] [           main] o.h.b.m.internal.AbstractPropertyHolder  : Attempting to locate auto-apply AttributeConverter for property [NameCheap.nameCheap.entidades.Informacion:texto]
2024-07-23T15:04:19.177-05:00 DEBUG 52024 --- [app_aurora] [           main] o.h.b.model.internal.BasicValueBinder    : building BasicValue for texto
2024-07-23T15:04:19.177-05:00 DEBUG 52024 --- [app_aurora] [           main] org.hibernate.mapping.BasicValue         : Skipping column re-registration: informacion.texto
2024-07-23T15:04:19.177-05:00 DEBUG 52024 --- [app_aurora] [           main] o.h.boot.model.internal.PropertyBinder   : Building property texto
2024-07-23T15:04:19.177-05:00 DEBUG 52024 --- [app_aurora] [           main] o.h.boot.model.internal.AnnotatedColumn  : Binding column: AnnotatedColumn()
2024-07-23T15:04:19.177-05:00 DEBUG 52024 --- [app_aurora] [           main] o.h.boot.model.internal.PropertyBinder   : MetadataSourceProcessor property titulo with lazy=false
2024-07-23T15:04:19.177-05:00 DEBUG 52024 --- [app_aurora] [           main] o.h.b.m.internal.AbstractPropertyHolder  : Attempting to locate auto-apply AttributeConverter for property [NameCheap.nameCheap.entidades.Informacion:titulo]
2024-07-23T15:04:19.177-05:00 DEBUG 52024 --- [app_aurora] [           main] o.h.b.model.internal.BasicValueBinder    : building BasicValue for titulo
2024-07-23T15:04:19.177-05:00 DEBUG 52024 --- [app_aurora] [           main] org.hibernate.mapping.BasicValue         : Skipping column re-registration: informacion.titulo
2024-07-23T15:04:19.177-05:00 DEBUG 52024 --- [app_aurora] [           main] o.h.boot.model.internal.PropertyBinder   : Building property titulo
2024-07-23T15:04:19.178-05:00 DEBUG 52024 --- [app_aurora] [           main] o.h.b.r.c.i.ClassLoaderServiceImpl       : HHH000194: Package not found or no package-info.java: NameCheap.nameCheap.entidades
2024-07-23T15:04:19.178-05:00 DEBUG 52024 --- [app_aurora] [           main] o.h.boot.model.internal.EntityBinder     : Binding entity from annotated class: NameCheap.nameCheap.entidades.PasswordResetToken
2024-07-23T15:04:19.178-05:00 DEBUG 52024 --- [app_aurora] [           main] o.h.boot.model.internal.EntityBinder     : Import with entity name PasswordResetToken
2024-07-23T15:04:19.178-05:00 DEBUG 52024 --- [app_aurora] [           main] o.h.boot.model.internal.EntityBinder     : Bind entity NameCheap.nameCheap.entidades.PasswordResetToken on table password_reset_token
2024-07-23T15:04:19.179-05:00 DEBUG 52024 --- [app_aurora] [           main] o.h.boot.model.internal.AnnotatedColumn  : Binding column: AnnotatedDiscriminatorColumn(column='DTYPE')
2024-07-23T15:04:19.180-05:00 DEBUG 52024 --- [app_aurora] [           main] o.h.boot.model.internal.AnnotatedColumn  : Binding column: AnnotatedColumn()
2024-07-23T15:04:19.180-05:00 DEBUG 52024 --- [app_aurora] [           main] o.h.boot.internal.ClassLoaderAccessImpl  : Not known whether passed class name [NameCheap.nameCheap.entidades.PasswordResetToken] is safe
2024-07-23T15:04:19.180-05:00 DEBUG 52024 --- [app_aurora] [           main] o.h.boot.internal.ClassLoaderAccessImpl  : No temp ClassLoader provided; using live ClassLoader for loading potentially unsafe class : NameCheap.nameCheap.entidades.PasswordResetToken
2024-07-23T15:04:19.180-05:00 DEBUG 52024 --- [app_aurora] [           main] o.h.boot.model.internal.PropertyBinder   : MetadataSourceProcessor property id with lazy=false
2024-07-23T15:04:19.180-05:00 DEBUG 52024 --- [app_aurora] [           main] o.h.b.m.internal.AbstractPropertyHolder  : Attempting to locate auto-apply AttributeConverter for property [NameCheap.nameCheap.entidades.PasswordResetToken:id]
2024-07-23T15:04:19.180-05:00 DEBUG 52024 --- [app_aurora] [           main] o.h.b.model.internal.BasicValueBinder    : building BasicValue for id
2024-07-23T15:04:19.180-05:00 DEBUG 52024 --- [app_aurora] [           main] org.hibernate.mapping.BasicValue         : Skipping column re-registration: password_reset_token.id
2024-07-23T15:04:19.180-05:00 DEBUG 52024 --- [app_aurora] [           main] o.h.boot.model.internal.PropertyBinder   : Building property id
2024-07-23T15:04:19.181-05:00 DEBUG 52024 --- [app_aurora] [           main] o.h.boot.model.internal.BinderHelper     : #makeIdGenerator(BasicValue([Column(id)]), id, org.hibernate.id.enhanced.SequenceStyleGenerator, , ...)
2024-07-23T15:04:19.181-05:00 DEBUG 52024 --- [app_aurora] [           main] o.h.boot.model.internal.AnnotatedColumn  : Binding column: AnnotatedColumn()
2024-07-23T15:04:19.181-05:00 DEBUG 52024 --- [app_aurora] [           main] o.h.boot.model.internal.PropertyBinder   : MetadataSourceProcessor property email with lazy=false
2024-07-23T15:04:19.181-05:00 DEBUG 52024 --- [app_aurora] [           main] o.h.b.m.internal.AbstractPropertyHolder  : Attempting to locate auto-apply AttributeConverter for property [NameCheap.nameCheap.entidades.PasswordResetToken:email]
2024-07-23T15:04:19.181-05:00 DEBUG 52024 --- [app_aurora] [           main] o.h.b.model.internal.BasicValueBinder    : building BasicValue for email
2024-07-23T15:04:19.181-05:00 DEBUG 52024 --- [app_aurora] [           main] org.hibernate.mapping.BasicValue         : Skipping column re-registration: password_reset_token.email
2024-07-23T15:04:19.181-05:00 DEBUG 52024 --- [app_aurora] [           main] o.h.boot.model.internal.PropertyBinder   : Building property email
2024-07-23T15:04:19.181-05:00 DEBUG 52024 --- [app_aurora] [           main] o.h.boot.model.internal.AnnotatedColumn  : Binding column: AnnotatedColumn()
2024-07-23T15:04:19.181-05:00 DEBUG 52024 --- [app_aurora] [           main] o.h.boot.model.internal.PropertyBinder   : MetadataSourceProcessor property expirationTime with lazy=false
2024-07-23T15:04:19.181-05:00 DEBUG 52024 --- [app_aurora] [           main] o.h.b.m.internal.AbstractPropertyHolder  : Attempting to locate auto-apply AttributeConverter for property [NameCheap.nameCheap.entidades.PasswordResetToken:expirationTime]
2024-07-23T15:04:19.181-05:00 DEBUG 52024 --- [app_aurora] [           main] o.h.b.model.internal.BasicValueBinder    : building BasicValue for expirationTime
2024-07-23T15:04:19.181-05:00 DEBUG 52024 --- [app_aurora] [           main] org.hibernate.mapping.BasicValue         : Skipping column re-registration: password_reset_token.expiration_time
2024-07-23T15:04:19.181-05:00 DEBUG 52024 --- [app_aurora] [           main] o.h.boot.model.internal.PropertyBinder   : Building property expirationTime
2024-07-23T15:04:19.181-05:00 DEBUG 52024 --- [app_aurora] [           main] o.h.boot.model.internal.AnnotatedColumn  : Binding column: AnnotatedColumn()
2024-07-23T15:04:19.182-05:00 DEBUG 52024 --- [app_aurora] [           main] o.h.boot.model.internal.PropertyBinder   : MetadataSourceProcessor property token with lazy=false
2024-07-23T15:04:19.182-05:00 DEBUG 52024 --- [app_aurora] [           main] o.h.b.m.internal.AbstractPropertyHolder  : Attempting to locate auto-apply AttributeConverter for property [NameCheap.nameCheap.entidades.PasswordResetToken:token]
2024-07-23T15:04:19.182-05:00 DEBUG 52024 --- [app_aurora] [           main] o.h.b.model.internal.BasicValueBinder    : building BasicValue for token
2024-07-23T15:04:19.182-05:00 DEBUG 52024 --- [app_aurora] [           main] org.hibernate.mapping.BasicValue         : Skipping column re-registration: password_reset_token.token
2024-07-23T15:04:19.182-05:00 DEBUG 52024 --- [app_aurora] [           main] o.h.boot.model.internal.PropertyBinder   : Building property token
2024-07-23T15:04:19.182-05:00 DEBUG 52024 --- [app_aurora] [           main] o.h.boot.model.internal.AnnotatedColumn  : Binding column: AnnotatedJoinColumn()
2024-07-23T15:04:19.182-05:00 DEBUG 52024 --- [app_aurora] [           main] o.h.boot.model.internal.AnnotatedColumn  : Binding column: AnnotatedColumn()
2024-07-23T15:04:19.182-05:00 DEBUG 52024 --- [app_aurora] [           main] o.h.boot.model.internal.PropertyBinder   : Building property usuario
2024-07-23T15:04:19.183-05:00 DEBUG 52024 --- [app_aurora] [           main] o.h.b.r.c.i.ClassLoaderServiceImpl       : HHH000194: Package not found or no package-info.java: NameCheap.nameCheap.entidades
2024-07-23T15:04:19.183-05:00 DEBUG 52024 --- [app_aurora] [           main] o.h.boot.model.internal.EntityBinder     : Binding entity from annotated class: NameCheap.nameCheap.entidades.Rol
2024-07-23T15:04:19.184-05:00 DEBUG 52024 --- [app_aurora] [           main] o.h.boot.model.internal.EntityBinder     : Import with entity name Rol
2024-07-23T15:04:19.184-05:00 DEBUG 52024 --- [app_aurora] [           main] o.h.boot.model.internal.EntityBinder     : Bind entity NameCheap.nameCheap.entidades.Rol on table rol
2024-07-23T15:04:19.184-05:00 DEBUG 52024 --- [app_aurora] [           main] o.h.boot.model.internal.AnnotatedColumn  : Binding column: AnnotatedDiscriminatorColumn(column='DTYPE')
2024-07-23T15:04:19.187-05:00 DEBUG 52024 --- [app_aurora] [           main] o.h.boot.model.internal.AnnotatedColumn  : Binding column: AnnotatedColumn()
2024-07-23T15:04:19.187-05:00 DEBUG 52024 --- [app_aurora] [           main] o.h.boot.internal.ClassLoaderAccessImpl  : Not known whether passed class name [NameCheap.nameCheap.entidades.Rol] is safe
2024-07-23T15:04:19.187-05:00 DEBUG 52024 --- [app_aurora] [           main] o.h.boot.internal.ClassLoaderAccessImpl  : No temp ClassLoader provided; using live ClassLoader for loading potentially unsafe class : NameCheap.nameCheap.entidades.Rol
2024-07-23T15:04:19.187-05:00 DEBUG 52024 --- [app_aurora] [           main] o.h.boot.model.internal.PropertyBinder   : MetadataSourceProcessor property id with lazy=false
2024-07-23T15:04:19.187-05:00 DEBUG 52024 --- [app_aurora] [           main] o.h.b.m.internal.AbstractPropertyHolder  : Attempting to locate auto-apply AttributeConverter for property [NameCheap.nameCheap.entidades.Rol:id]
2024-07-23T15:04:19.187-05:00 DEBUG 52024 --- [app_aurora] [           main] o.h.b.model.internal.BasicValueBinder    : building BasicValue for id
2024-07-23T15:04:19.187-05:00 DEBUG 52024 --- [app_aurora] [           main] org.hibernate.mapping.BasicValue         : Skipping column re-registration: rol.id
2024-07-23T15:04:19.188-05:00 DEBUG 52024 --- [app_aurora] [           main] o.h.boot.model.internal.PropertyBinder   : Building property id
2024-07-23T15:04:19.188-05:00 DEBUG 52024 --- [app_aurora] [           main] o.h.boot.model.internal.BinderHelper     : #makeIdGenerator(BasicValue([Column(id)]), id, org.hibernate.id.enhanced.SequenceStyleGenerator, , ...)
2024-07-23T15:04:19.188-05:00 DEBUG 52024 --- [app_aurora] [           main] o.h.boot.model.internal.AnnotatedColumn  : Binding column: AnnotatedColumn()
2024-07-23T15:04:19.188-05:00 DEBUG 52024 --- [app_aurora] [           main] o.h.boot.model.internal.PropertyBinder   : MetadataSourceProcessor property descripcion with lazy=false
2024-07-23T15:04:19.188-05:00 DEBUG 52024 --- [app_aurora] [           main] o.h.b.m.internal.AbstractPropertyHolder  : Attempting to locate auto-apply AttributeConverter for property [NameCheap.nameCheap.entidades.Rol:descripcion]
2024-07-23T15:04:19.188-05:00 DEBUG 52024 --- [app_aurora] [           main] o.h.b.model.internal.BasicValueBinder    : building BasicValue for descripcion
2024-07-23T15:04:19.188-05:00 DEBUG 52024 --- [app_aurora] [           main] org.hibernate.mapping.BasicValue         : Skipping column re-registration: rol.descripcion
2024-07-23T15:04:19.188-05:00 DEBUG 52024 --- [app_aurora] [           main] o.h.boot.model.internal.PropertyBinder   : Building property descripcion
2024-07-23T15:04:19.188-05:00 DEBUG 52024 --- [app_aurora] [           main] o.h.boot.model.internal.AnnotatedColumn  : Binding column: AnnotatedColumn()
2024-07-23T15:04:19.188-05:00 DEBUG 52024 --- [app_aurora] [           main] o.h.boot.model.internal.PropertyBinder   : MetadataSourceProcessor property nombre with lazy=false
2024-07-23T15:04:19.188-05:00 DEBUG 52024 --- [app_aurora] [           main] o.h.b.m.internal.AbstractPropertyHolder  : Attempting to locate auto-apply AttributeConverter for property [NameCheap.nameCheap.entidades.Rol:nombre]
2024-07-23T15:04:19.188-05:00 DEBUG 52024 --- [app_aurora] [           main] o.h.b.model.internal.BasicValueBinder    : building BasicValue for nombre
2024-07-23T15:04:19.188-05:00 DEBUG 52024 --- [app_aurora] [           main] org.hibernate.mapping.BasicValue         : Skipping column re-registration: rol.nombre
2024-07-23T15:04:19.188-05:00 DEBUG 52024 --- [app_aurora] [           main] o.h.boot.model.internal.PropertyBinder   : Building property nombre
2024-07-23T15:04:19.189-05:00 DEBUG 52024 --- [app_aurora] [           main] o.h.boot.model.internal.AnnotatedColumn  : Binding column: AnnotatedJoinColumn(column='usuario_id')
2024-07-23T15:04:19.189-05:00 DEBUG 52024 --- [app_aurora] [           main] o.h.boot.model.internal.AnnotatedColumn  : Binding column: AnnotatedColumn()
2024-07-23T15:04:19.189-05:00 DEBUG 52024 --- [app_aurora] [           main] o.h.boot.model.internal.AnnotatedColumn  : Binding column: IndexColumn(column='usuario_ORDER')
2024-07-23T15:04:19.189-05:00 DEBUG 52024 --- [app_aurora] [           main] o.h.boot.model.internal.AnnotatedColumn  : Binding column: AnnotatedColumn()
2024-07-23T15:04:19.189-05:00 DEBUG 52024 --- [app_aurora] [           main] o.h.boot.model.internal.AnnotatedColumn  : Binding column: AnnotatedColumn(column='usuario_KEY')
2024-07-23T15:04:19.189-05:00 DEBUG 52024 --- [app_aurora] [           main] o.h.boot.model.internal.AnnotatedColumn  : Binding column: AnnotatedJoinColumn(column='usuario_KEY')
2024-07-23T15:04:19.190-05:00 DEBUG 52024 --- [app_aurora] [           main] o.h.boot.model.internal.AnnotatedColumn  : Binding column: AnnotatedJoinColumn()
2024-07-23T15:04:19.190-05:00 DEBUG 52024 --- [app_aurora] [           main] o.h.boot.model.internal.AnnotatedColumn  : Binding column: AnnotatedJoinColumn()
2024-07-23T15:04:19.190-05:00 DEBUG 52024 --- [app_aurora] [           main] o.h.b.model.internal.CollectionBinder    : Collection role: NameCheap.nameCheap.entidades.Rol.usuario
2024-07-23T15:04:19.190-05:00 DEBUG 52024 --- [app_aurora] [           main] o.h.boot.model.internal.PropertyBinder   : Building property usuario
[...]

2024-07-23T15:04:28.479-05:00 DEBUG 52024 --- [app_aurora] [           main] org.hibernate.SQL                        : select u1_0.id,u1_0.email,u1_0.nombre,u1_0.password,u1_0.rol_id,u1_0.username from usuario u1_0 where u1_0.username=?
2024-07-23T15:04:28.676-05:00 DEBUG 52024 --- [app_aurora] [           main] org.hibernate.orm.results                : Extracted JDBC value [0] - [2]
2024-07-23T15:04:28.676-05:00 DEBUG 52024 --- [app_aurora] [           main] o.hibernate.orm.results.loading.entity   : (EntityResultInitializer) Hydrated EntityKey (NameCheap.nameCheap.entidades.Usuario(2748433852960400)): 2
2024-07-23T15:04:28.676-05:00 DEBUG 52024 --- [app_aurora] [           main] o.hibernate.orm.results.loading.entity   : (EntityResultInitializer) Created new entity instance [NameCheap.nameCheap.entidades.Usuario(2748433852960400)#2] : 1602012925
2024-07-23T15:04:28.676-05:00 DEBUG 52024 --- [app_aurora] [           main] org.hibernate.orm.results                : Extracted JDBC value [4] - [2]
2024-07-23T15:04:28.677-05:00 DEBUG 52024 --- [app_aurora] [           main] o.hibernate.orm.results.loading.entity   : (EntitySelectFetchInitializer) Invoking session#internalLoad for entity (NameCheap.nameCheap.entidades.Usuario(2748433852960400).rol#2) : 2
2024-07-23T15:04:28.677-05:00 DEBUG 52024 --- [app_aurora] [           main] org.hibernate.orm.sql.exec               : Skipping reading Query result cache data: cache-enabled = false, cache-mode = IGNORE
2024-07-23T15:04:28.678-05:00 DEBUG 52024 --- [app_aurora] [           main] org.hibernate.orm.results                : Initializer list:
	  NameCheap.nameCheap.entidades.Rol.usuario.{element}.rol.usuario -> SelectEagerCollectionInitializer(NameCheap.nameCheap.entidades.Rol.usuario.{element}.rol.usuario)@724950499 (PluralAttribute(NameCheap.nameCheap.entidades.Rol.usuario))
	  NameCheap.nameCheap.entidades.Rol.usuario -> BagInitializer(NameCheap.nameCheap.entidades.Rol.usuario)@660935114 (PluralAttribute(NameCheap.nameCheap.entidades.Rol.usuario))
	  NameCheap.nameCheap.entidades.Rol.usuario.{element}.rol -> EntityJoinedFetchInitializer(NameCheap.nameCheap.entidades.Rol.usuario.{element}.rol)@1659777734 (ToOneAttributeMapping(NavigableRole[NameCheap.nameCheap.entidades.Usuario.rol])@141458554)
	  NameCheap.nameCheap.entidades.Rol -> EntityResultInitializer(NameCheap.nameCheap.entidades.Rol)@1528580936 (SingleTableEntityPersister(NameCheap.nameCheap.entidades.Rol))
	  NameCheap.nameCheap.entidades.Rol.usuario.{element} -> EntityJoinedFetchInitializer(NameCheap.nameCheap.entidades.Rol.usuario.{element})@1581473549 (EntityCollectionPart(NameCheap.nameCheap.entidades.Rol.usuario#{element})@971233882)

2024-07-23T15:04:28.678-05:00 DEBUG 52024 --- [app_aurora] [           main] org.hibernate.SQL                        : select r1_0.id,r1_0.descripcion,r1_0.nombre,u1_0.usuario_id,u1_0.id,u1_0.email,u1_0.nombre,u1_0.password,r2_0.id,r2_0.descripcion,r2_0.nombre,u1_0.username from rol r1_0 left join usuario u1_0 on r1_0.id=u1_0.usuario_id left join rol r2_0 on r2_0.id=u1_0.rol_id where r1_0.id=?
2024-07-23T15:04:28.881-05:00 DEBUG 52024 --- [app_aurora] [           main] o.hibernate.orm.results.loading.entity   : (EntityResultInitializer) Hydrated EntityKey (NameCheap.nameCheap.entidades.Rol): 2
2024-07-23T15:04:28.881-05:00 DEBUG 52024 --- [app_aurora] [           main] o.h.o.r.l.o.h.o.r.loading.collection     : (BagInitializer) Current row collection key : NameCheap.nameCheap.entidades.Rol.usuario#2
2024-07-23T15:04:28.881-05:00 DEBUG 52024 --- [app_aurora] [           main] org.hibernate.orm.results                : Extracted JDBC value [3] - [null]
2024-07-23T15:04:28.882-05:00 DEBUG 52024 --- [app_aurora] [           main] org.hibernate.orm.results                : Extracted JDBC value [4] - [null]
2024-07-23T15:04:28.882-05:00 DEBUG 52024 --- [app_aurora] [           main] o.hibernate.orm.results.loading.entity   : (EntityJoinedFetchInitializer) EntityKey (NameCheap.nameCheap.entidades.Rol.usuario.{element}) is null
2024-07-23T15:04:28.882-05:00 DEBUG 52024 --- [app_aurora] [           main] o.hibernate.orm.results.loading.entity   : (EntityResultInitializer) Created new entity instance [NameCheap.nameCheap.entidades.Rol#2] : 2075380660
2024-07-23T15:04:28.882-05:00 DEBUG 52024 --- [app_aurora] [           main] o.h.o.r.l.o.h.o.r.loading.collection     : (BagInitializer) Created new collection wrapper [NameCheap.nameCheap.entidades.Rol.usuario#2] : org.hibernate.collection.spi.PersistentBag@1070356728
2024-07-23T15:04:28.882-05:00 DEBUG 52024 --- [app_aurora] [           main] o.h.o.r.l.o.h.o.r.loading.collection     : (BagInitializer) Responsible for loading collection [NameCheap.nameCheap.entidades.Rol.usuario#2] : org.hibernate.collection.spi.PersistentBag@1070356728
2024-07-23T15:04:28.882-05:00 DEBUG 52024 --- [app_aurora] [           main] org.hibernate.orm.results                : Extracted JDBC value [1] - [null]
2024-07-23T15:04:28.882-05:00 DEBUG 52024 --- [app_aurora] [           main] org.hibernate.orm.results                : Extracted JDBC value [2] - [admin]
2024-07-23T15:04:28.883-05:00 DEBUG 52024 --- [app_aurora] [           main] o.hibernate.orm.results.loading.entity   : (EntityResultInitializer) Done materializing entityInstance : NameCheap.nameCheap.entidades.Rol#2
2024-07-23T15:04:28.883-05:00 DEBUG 52024 --- [app_aurora] [           main] org.hibernate.orm.results.loading        : Calling top-level assembler (0 / 1) : org.hibernate.sql.results.graph.entity.internal.EntityAssembler@51f714d1
2024-07-23T15:04:28.883-05:00 DEBUG 52024 --- [app_aurora] [           main] o.h.sql.results.internal.ResultsHelper   : Collection fully initialized: [NameCheap.nameCheap.entidades.Rol.usuario#2]
2024-07-23T15:04:28.883-05:00 DEBUG 52024 --- [app_aurora] [           main] o.hibernate.orm.results.loading.entity   : (EntitySelectFetchInitializer) Entity [NameCheap.nameCheap.entidades.Usuario(2748433852960400).rol#2] : 2 has being loaded by session.internalLoad.
2024-07-23T15:04:28.884-05:00 DEBUG 52024 --- [app_aurora] [           main] org.hibernate.orm.results                : Extracted JDBC value [1] - [josedavids123@live.com]
2024-07-23T15:04:28.884-05:00 DEBUG 52024 --- [app_aurora] [           main] org.hibernate.orm.results                : Extracted JDBC value [2] - [admin]
2024-07-23T15:04:28.884-05:00 DEBUG 52024 --- [app_aurora] [           main] org.hibernate.orm.results                : Extracted JDBC value [3] - [$2a$10$OeSPEYiNVGCBi6nJpSCudemOYGoqUf0IVvEfI7jsoRoZVQ.xDhrX2]
2024-07-23T15:04:28.884-05:00 DEBUG 52024 --- [app_aurora] [           main] org.hibernate.orm.results                : Extracted JDBC value [5] - [admin]
2024-07-23T15:04:28.884-05:00 DEBUG 52024 --- [app_aurora] [           main] o.hibernate.orm.results.loading.entity   : (EntityResultInitializer) Done materializing entityInstance : NameCheap.nameCheap.entidades.Usuario(2748433852960400)#2
2024-07-23T15:04:28.884-05:00 DEBUG 52024 --- [app_aurora] [           main] org.hibernate.orm.results.loading        : Calling top-level assembler (0 / 1) : org.hibernate.sql.results.graph.entity.internal.EntityAssembler@1263d20d
2024-07-23T15:04:28.888-05:00 DEBUG 52024 --- [app_aurora] [           main] org.hibernate.orm.sql.ast.create         : Created new SQL alias : r1_0
2024-07-23T15:04:28.888-05:00 DEBUG 52024 --- [app_aurora] [           main] org.hibernate.orm.sql.ast.create         : Registration of TableGroup [StandardTableGroup(NameCheap.nameCheap.entidades.Rol(2748434365977900))] with identifierForTableGroup [NameCheap.nameCheap.entidades.Rol] for NavigablePath [NameCheap.nameCheap.entidades.Rol] 
2024-07-23T15:04:28.889-05:00 DEBUG 52024 --- [app_aurora] [           main] o.h.q.sqm.sql.BaseSqmToSqlAstConverter   : Determining mapping-model type for SqmParameter : org.hibernate.query.sqm.tree.expression.SqmJpaCriteriaParameterWrapper@4603845b
2024-07-23T15:04:28.889-05:00 DEBUG 52024 --- [app_aurora] [           main] o.h.q.sqm.sql.BaseSqmToSqlAstConverter   : Determining mapping-model type for SqmPath : SqmBasicValuedSimplePath(NameCheap.nameCheap.entidades.Rol(2748434365977900).nombre) 
2024-07-23T15:04:28.890-05:00 DEBUG 52024 --- [app_aurora] [           main] org.hibernate.orm.results.graph.AST      : DomainResult Graph:
 \-EntityResultImpl [NameCheap.nameCheap.entidades.Rol(2748434365977900)]
 |  +-BasicFetch [NameCheap.nameCheap.entidades.Rol(2748434365977900).descripcion]
 |  +-BasicFetch [NameCheap.nameCheap.entidades.Rol(2748434365977900).nombre]
 |  \-SelectEagerCollectionFetch [NameCheap.nameCheap.entidades.Rol(2748434365977900).usuario]

2024-07-23T15:04:28.890-05:00 DEBUG 52024 --- [app_aurora] [           main] org.hibernate.orm.sql.ast.tree           : SQL AST Tree:
    SelectStatement {
      FromClause {
        StandardTableGroup (r1 : NameCheap.nameCheap.entidades.Rol(2748434365977900)) {
          primaryTableReference : rol as r1_0
        }
      }
    }

2024-07-23T15:04:28.890-05:00 DEBUG 52024 --- [app_aurora] [           main] org.hibernate.orm.sql.exec               : Skipping reading Query result cache data: cache-enabled = false, cache-mode = NORMAL
2024-07-23T15:04:28.891-05:00 DEBUG 52024 --- [app_aurora] [           main] org.hibernate.orm.results                : Initializer list:
	  NameCheap.nameCheap.entidades.Rol(2748434365977900).usuario -> SelectEagerCollectionInitializer(NameCheap.nameCheap.entidades.Rol(2748434365977900).usuario)@1610277935 (PluralAttribute(NameCheap.nameCheap.entidades.Rol.usuario))
	  NameCheap.nameCheap.entidades.Rol(2748434365977900) -> EntityResultInitializer(NameCheap.nameCheap.entidades.Rol(2748434365977900))@92373719 (SingleTableEntityPersister(NameCheap.nameCheap.entidades.Rol))

2024-07-23T15:04:28.891-05:00 DEBUG 52024 --- [app_aurora] [           main] org.hibernate.SQL                        : select r1_0.id,r1_0.descripcion,r1_0.nombre from rol r1_0 where r1_0.nombre=?
2024-07-23T15:04:29.129-05:00 DEBUG 52024 --- [app_aurora] [           main] org.hibernate.orm.results                : Extracted JDBC value [0] - [1]
2024-07-23T15:04:29.129-05:00 DEBUG 52024 --- [app_aurora] [           main] o.hibernate.orm.results.loading.entity   : (EntityResultInitializer) Hydrated EntityKey (NameCheap.nameCheap.entidades.Rol(2748434365977900)): 1
2024-07-23T15:04:29.129-05:00 DEBUG 52024 --- [app_aurora] [           main] o.h.o.r.l.o.h.o.r.loading.collection     : (SelectEagerCollectionInitializer) Current row collection key : NameCheap.nameCheap.entidades.Rol(2748434365977900).usuario#1
2024-07-23T15:04:29.129-05:00 DEBUG 52024 --- [app_aurora] [           main] o.hibernate.orm.results.loading.entity   : (EntityResultInitializer) Created new entity instance [NameCheap.nameCheap.entidades.Rol(2748434365977900)#1] : 1838180779
2024-07-23T15:04:29.129-05:00 DEBUG 52024 --- [app_aurora] [           main] org.hibernate.orm.results                : Extracted JDBC value [1] - [null]
2024-07-23T15:04:29.129-05:00 DEBUG 52024 --- [app_aurora] [           main] org.hibernate.orm.results                : Extracted JDBC value [2] - [user]
2024-07-23T15:04:29.129-05:00 DEBUG 52024 --- [app_aurora] [           main] o.hibernate.orm.results.loading.entity   : (EntityResultInitializer) Done materializing entityInstance : NameCheap.nameCheap.entidades.Rol(2748434365977900)#1
2024-07-23T15:04:29.129-05:00 DEBUG 52024 --- [app_aurora] [           main] org.hibernate.orm.results.loading        : Calling top-level assembler (0 / 1) : org.hibernate.sql.results.graph.entity.internal.EntityAssembler@69abff1d
2024-07-23T15:04:29.129-05:00 DEBUG 52024 --- [app_aurora] [           main] org.hibernate.orm.sql.exec               : Skipping reading Query result cache data: cache-enabled = false, cache-mode = IGNORE
2024-07-23T15:04:29.129-05:00 DEBUG 52024 --- [app_aurora] [           main] org.hibernate.orm.results                : Initializer list:
	  NameCheap.nameCheap.entidades.Rol.usuario.{element}.rol -> EntityJoinedFetchInitializer(NameCheap.nameCheap.entidades.Rol.usuario.{element}.rol)@1602467078 (ToOneAttributeMapping(NavigableRole[NameCheap.nameCheap.entidades.Usuario.rol])@141458554)
	  NameCheap.nameCheap.entidades.Rol.usuario.{element} -> EntityJoinedFetchInitializer(NameCheap.nameCheap.entidades.Rol.usuario.{element})@1495876679 (EntityCollectionPart(NameCheap.nameCheap.entidades.Rol.usuario#{element})@971233882)
	  NameCheap.nameCheap.entidades.Rol.usuario.{element}.rol.usuario -> SelectEagerCollectionInitializer(NameCheap.nameCheap.entidades.Rol.usuario.{element}.rol.usuario)@326610761 (PluralAttribute(NameCheap.nameCheap.entidades.Rol.usuario))
	  NameCheap.nameCheap.entidades.Rol.usuario -> BagInitializer(NameCheap.nameCheap.entidades.Rol.usuario)@456538529 (PluralAttribute(NameCheap.nameCheap.entidades.Rol.usuario))

2024-07-23T15:04:29.129-05:00 DEBUG 52024 --- [app_aurora] [           main] org.hibernate.SQL                        : select u1_0.usuario_id,u1_0.id,u1_0.email,u1_0.nombre,u1_0.password,r1_0.id,r1_0.descripcion,r1_0.nombre,u1_0.username from usuario u1_0 left join rol r1_0 on r1_0.id=u1_0.rol_id where u1_0.usuario_id=?
2024-07-23T15:04:29.326-05:00 DEBUG 52024 --- [app_aurora] [           main] o.h.sql.results.internal.ResultsHelper   : Collection fully initialized: [NameCheap.nameCheap.entidades.Rol.usuario#1]
2024-07-23T15:04:29.326-05:00 DEBUG 52024 --- [app_aurora] [           main] org.hibernate.orm.sql.ast.create         : Created new SQL alias : r1_0
2024-07-23T15:04:29.326-05:00 DEBUG 52024 --- [app_aurora] [           main] org.hibernate.orm.sql.ast.create         : Registration of TableGroup [StandardTableGroup(NameCheap.nameCheap.entidades.Rol(2748434365977900))] with identifierForTableGroup [NameCheap.nameCheap.entidades.Rol] for NavigablePath [NameCheap.nameCheap.entidades.Rol] 
2024-07-23T15:04:29.326-05:00 DEBUG 52024 --- [app_aurora] [           main] o.h.q.sqm.sql.BaseSqmToSqlAstConverter   : Determining mapping-model type for SqmParameter : org.hibernate.query.sqm.tree.expression.SqmJpaCriteriaParameterWrapper@4eb5cdae
2024-07-23T15:04:29.326-05:00 DEBUG 52024 --- [app_aurora] [           main] o.h.q.sqm.sql.BaseSqmToSqlAstConverter   : Determining mapping-model type for SqmPath : SqmBasicValuedSimplePath(NameCheap.nameCheap.entidades.Rol(2748434365977900).nombre) 
2024-07-23T15:04:29.326-05:00 DEBUG 52024 --- [app_aurora] [           main] org.hibernate.orm.results.graph.AST      : DomainResult Graph:
 \-EntityResultImpl [NameCheap.nameCheap.entidades.Rol(2748434365977900)]
 |  +-BasicFetch [NameCheap.nameCheap.entidades.Rol(2748434365977900).descripcion]
 |  +-BasicFetch [NameCheap.nameCheap.entidades.Rol(2748434365977900).nombre]
 |  \-SelectEagerCollectionFetch [NameCheap.nameCheap.entidades.Rol(2748434365977900).usuario]

2024-07-23T15:04:29.326-05:00 DEBUG 52024 --- [app_aurora] [           main] org.hibernate.orm.sql.ast.tree           : SQL AST Tree:
    SelectStatement {
      FromClause {
        StandardTableGroup (r1 : NameCheap.nameCheap.entidades.Rol(2748434365977900)) {
          primaryTableReference : rol as r1_0
        }
      }
    }

2024-07-23T15:04:29.326-05:00 DEBUG 52024 --- [app_aurora] [           main] org.hibernate.orm.sql.exec               : Skipping reading Query result cache data: cache-enabled = false, cache-mode = NORMAL
2024-07-23T15:04:29.326-05:00 DEBUG 52024 --- [app_aurora] [           main] org.hibernate.orm.results                : Initializer list:
	  NameCheap.nameCheap.entidades.Rol(2748434365977900).usuario -> SelectEagerCollectionInitializer(NameCheap.nameCheap.entidades.Rol(2748434365977900).usuario)@1524657299 (PluralAttribute(NameCheap.nameCheap.entidades.Rol.usuario))
	  NameCheap.nameCheap.entidades.Rol(2748434365977900) -> EntityResultInitializer(NameCheap.nameCheap.entidades.Rol(2748434365977900))@978850524 (SingleTableEntityPersister(NameCheap.nameCheap.entidades.Rol))

2024-07-23T15:04:29.326-05:00 DEBUG 52024 --- [app_aurora] [           main] org.hibernate.SQL                        : select r1_0.id,r1_0.descripcion,r1_0.nombre from rol r1_0 where r1_0.nombre=?
2024-07-23T15:04:29.536-05:00 DEBUG 52024 --- [app_aurora] [           main] org.hibernate.orm.results                : Extracted JDBC value [0] - [2]
2024-07-23T15:04:29.537-05:00 DEBUG 52024 --- [app_aurora] [           main] o.hibernate.orm.results.loading.entity   : (EntityResultInitializer) Hydrated EntityKey (NameCheap.nameCheap.entidades.Rol(2748434365977900)): 2
2024-07-23T15:04:29.537-05:00 DEBUG 52024 --- [app_aurora] [           main] o.h.o.r.l.o.h.o.r.loading.collection     : (SelectEagerCollectionInitializer) Current row collection key : NameCheap.nameCheap.entidades.Rol(2748434365977900).usuario#2
2024-07-23T15:04:29.537-05:00 DEBUG 52024 --- [app_aurora] [           main] o.hibernate.orm.results.loading.entity   : (EntityResultInitializer) Created new entity instance [NameCheap.nameCheap.entidades.Rol(2748434365977900)#2] : 268518489
2024-07-23T15:04:29.537-05:00 DEBUG 52024 --- [app_aurora] [           main] org.hibernate.orm.results                : Extracted JDBC value [1] - [null]
2024-07-23T15:04:29.537-05:00 DEBUG 52024 --- [app_aurora] [           main] org.hibernate.orm.results                : Extracted JDBC value [2] - [admin]
2024-07-23T15:04:29.538-05:00 DEBUG 52024 --- [app_aurora] [           main] o.hibernate.orm.results.loading.entity   : (EntityResultInitializer) Done materializing entityInstance : NameCheap.nameCheap.entidades.Rol(2748434365977900)#2
2024-07-23T15:04:29.538-05:00 DEBUG 52024 --- [app_aurora] [           main] org.hibernate.orm.results.loading        : Calling top-level assembler (0 / 1) : org.hibernate.sql.results.graph.entity.internal.EntityAssembler@216a3aba
2024-07-23T15:04:29.538-05:00 DEBUG 52024 --- [app_aurora] [           main] org.hibernate.orm.sql.exec               : Skipping reading Query result cache data: cache-enabled = false, cache-mode = IGNORE
2024-07-23T15:04:29.539-05:00 DEBUG 52024 --- [app_aurora] [           main] org.hibernate.orm.results                : Initializer list:
	  NameCheap.nameCheap.entidades.Rol.usuario.{element}.rol -> EntityJoinedFetchInitializer(NameCheap.nameCheap.entidades.Rol.usuario.{element}.rol)@332374508 (ToOneAttributeMapping(NavigableRole[NameCheap.nameCheap.entidades.Usuario.rol])@141458554)
	  NameCheap.nameCheap.entidades.Rol.usuario.{element} -> EntityJoinedFetchInitializer(NameCheap.nameCheap.entidades.Rol.usuario.{element})@1382582064 (EntityCollectionPart(NameCheap.nameCheap.entidades.Rol.usuario#{element})@971233882)
	  NameCheap.nameCheap.entidades.Rol.usuario.{element}.rol.usuario -> SelectEagerCollectionInitializer(NameCheap.nameCheap.entidades.Rol.usuario.{element}.rol.usuario)@573032493 (PluralAttribute(NameCheap.nameCheap.entidades.Rol.usuario))
	  NameCheap.nameCheap.entidades.Rol.usuario -> BagInitializer(NameCheap.nameCheap.entidades.Rol.usuario)@462452169 (PluralAttribute(NameCheap.nameCheap.entidades.Rol.usuario))

2024-07-23T15:04:29.539-05:00 DEBUG 52024 --- [app_aurora] [           main] org.hibernate.SQL                        : select u1_0.usuario_id,u1_0.id,u1_0.email,u1_0.nombre,u1_0.password,r1_0.id,r1_0.descripcion,r1_0.nombre,u1_0.username from usuario u1_0 left join rol r1_0 on r1_0.id=u1_0.rol_id where u1_0.usuario_id=?
2024-07-23T15:04:29.752-05:00 DEBUG 52024 --- [app_aurora] [           main] o.h.sql.results.internal.ResultsHelper   : Collection fully initialized: [NameCheap.nameCheap.entidades.Rol.usuario#2]
Usuario ya existe
Usuario admin ya existe
2024-07-23T15:04:29.755-05:00 DEBUG 52024 --- [app_aurora] [           main] o.s.b.a.ApplicationAvailabilityBean      : Application availability state ReadinessState changed to ACCEPTING_TRAFFIC
]]></system-out>
  </testcase>
</testsuite>